TN:
SF:src\App.tsx
FN:1,(empty-report)
FNF:1
FNH:1
FNDA:1,(empty-report)
DA:6,0
DA:7,0
DA:8,0
DA:9,0
DA:10,0
DA:11,0
DA:13,0
DA:14,0
DA:18,0
DA:19,0
DA:20,0
DA:23,0
DA:24,0
DA:25,0
DA:27,0
DA:28,0
DA:30,0
DA:31,0
DA:32,0
DA:33,0
DA:34,0
DA:35,0
DA:38,0
DA:39,0
DA:41,0
DA:43,0
LF:26
LH:0
BRDA:1,0,0,1
BRF:1
BRH:1
end_of_record
TN:
SF:src\main.tsx
FN:1,(empty-report)
FNF:1
FNH:0
FNDA:0,(empty-report)
DA:1,0
DA:2,0
DA:3,0
DA:5,0
DA:6,0
DA:7,0
DA:8,0
DA:9,0
LF:8
LH:0
BRDA:1,0,0,0
BRF:1
BRH:0
end_of_record
TN:
SF:src-tauri\target\debug\build\classroom-management-tool-7a37a619ffabfd6f\out\__global-api-script.js
FN:1,(empty-report)
FNF:1
FNH:0
FNDA:0,(empty-report)
DA:1,0
LF:1
LH:0
BRDA:1,0,0,0
BRF:1
BRH:0
end_of_record
TN:
SF:src-tauri\target\debug\build\classroom-management-tool-b8ba2a09aa57e972\out\__global-api-script.js
FN:1,(empty-report)
FNF:1
FNH:0
FNDA:0,(empty-report)
DA:1,0
LF:1
LH:0
BRDA:1,0,0,0
BRF:1
BRH:0
end_of_record
TN:
SF:src\components\Audio\AudioPanel.tsx
FN:15,AudioPanel
FN:38,handleTestAlert
FN:45,handleTestBackgroundMusic
FN:55,handleStopBackgroundMusic
FN:83,onClick
FN:99,onChange
FN:124,onChange
FN:155,onChange
FN:180,onChange
FN:214,onClick
FNF:10
FNH:5
FNDA:43,AudioPanel
FNDA:0,handleTestAlert
FNDA:0,handleTestBackgroundMusic
FNDA:0,handleStopBackgroundMusic
FNDA:1,onClick
FNDA:1,onChange
FNDA:0,onChange
FNDA:0,onChange
FNDA:1,onChange
FNDA:1,onClick
DA:12,1
DA:13,1
DA:15,1
DA:16,43
DA:19,43
DA:20,43
DA:21,43
DA:22,43
DA:23,43
DA:24,43
DA:25,43
DA:26,43
DA:27,43
DA:28,43
DA:29,43
DA:30,43
DA:31,43
DA:32,43
DA:33,43
DA:38,43
DA:39,0
DA:40,0
DA:45,43
DA:49,0
DA:50,0
DA:55,43
DA:56,0
DA:57,0
DA:59,43
DA:60,43
DA:62,43
DA:63,43
DA:65,43
DA:66,43
DA:68,43
DA:69,43
DA:72,43
DA:73,43
DA:74,43
DA:75,43
DA:78,43
DA:79,43
DA:81,43
DA:82,43
DA:83,43
DA:84,43
DA:85,43
DA:86,43
DA:88,43
DA:89,43
DA:90,43
DA:93,43
DA:94,43
DA:96,43
DA:97,43
DA:98,43
DA:99,43
DA:100,43
DA:101,43
DA:103,43
DA:104,129
DA:105,129
DA:106,129
DA:107,129
DA:108,129
DA:109,0
DA:110,43
DA:111,43
DA:112,43
DA:115,43
DA:116,43
DA:117,43
DA:118,43
DA:119,43
DA:120,43
DA:121,43
DA:122,43
DA:123,43
DA:124,43
DA:125,43
DA:126,43
DA:127,43
DA:128,43
DA:131,43
DA:132,43
DA:133,43
DA:134,43
DA:135,43
DA:137,43
DA:138,43
DA:141,43
DA:142,43
DA:143,43
DA:144,43
DA:146,43
DA:147,43
DA:148,43
DA:149,43
DA:150,43
DA:151,43
DA:152,43
DA:153,43
DA:154,43
DA:155,43
DA:156,43
DA:157,43
DA:158,43
DA:160,43
DA:161,43
DA:162,43
DA:165,43
DA:166,43
DA:167,43
DA:168,43
DA:171,43
DA:172,43
DA:173,43
DA:174,43
DA:175,43
DA:176,43
DA:177,43
DA:178,43
DA:179,43
DA:180,43
DA:181,43
DA:182,43
DA:183,43
DA:186,43
DA:187,43
DA:188,43
DA:189,43
DA:190,43
DA:192,43
DA:193,43
DA:194,43
DA:195,43
DA:196,43
DA:198,43
DA:199,43
DA:200,43
DA:203,43
DA:204,43
DA:205,43
DA:206,43
DA:209,43
DA:210,43
DA:212,43
DA:213,43
DA:214,43
DA:215,43
DA:216,43
DA:217,43
DA:219,43
DA:220,43
DA:221,43
DA:223,43
DA:227,43
DA:230,43
DA:231,43
DA:232,43
DA:233,43
DA:235,43
DA:237,43
DA:239,43
DA:240,43
DA:241,43
DA:242,43
DA:244,43
DA:246,1
LF:169
LH:162
BRDA:15,0,0,43
BRDA:85,1,0,38
BRDA:85,2,0,5
BRDA:86,3,0,38
BRDA:86,4,0,5
BRDA:216,5,0,42
BRDA:216,6,0,1
BRDA:217,7,0,42
BRDA:217,8,0,1
BRDA:83,9,0,1
BRDA:99,10,0,1
BRDA:103,11,0,129
BRDA:108,12,0,0
BRDA:180,13,0,1
BRDA:214,14,0,1
BRF:15
BRH:14
end_of_record
TN:
SF:src\components\Common\ThemeProvider.tsx
FN:15,ThemeProvider
FN:41,applyThemeToDOM
FNF:2
FNH:2
FNDA:19,ThemeProvider
FNDA:18,applyThemeToDOM
DA:1,1
DA:7,1
DA:8,1
DA:9,1
DA:15,1
DA:16,19
DA:19,19
DA:20,18
DA:21,18
DA:22,18
DA:23,18
DA:24,18
DA:25,18
DA:26,0
DA:28,0
DA:29,0
DA:30,0
DA:31,0
DA:32,0
DA:33,19
DA:35,19
DA:36,19
DA:41,18
DA:55,18
DA:56,18
DA:59,18
DA:60,18
DA:61,18
DA:64,18
DA:65,18
DA:66,18
DA:69,18
DA:70,18
DA:71,18
DA:74,18
DA:75,18
DA:76,18
DA:77,18
DA:78,18
LF:39
LH:33
BRDA:15,0,0,19
BRDA:16,1,0,57
BRDA:19,2,0,18
BRDA:25,3,0,0
BRDA:41,4,0,18
BRF:5
BRH:4
end_of_record
TN:
SF:src\components\Layout\MainLayout.tsx
FN:24,MainLayout
FN:47,TabContent
FN:113,DisabledFeaturePlaceholder
FN:153,ClassImplementation
FN:160,ToolsImplementation
FNF:5
FNH:2
FNDA:20,MainLayout
FNDA:20,TabContent
FNDA:0,DisabledFeaturePlaceholder
FNDA:0,ClassImplementation
FNDA:0,ToolsImplementation
DA:13,1
DA:15,1
DA:16,1
DA:17,1
DA:18,1
DA:19,1
DA:20,1
DA:21,1
DA:22,1
DA:24,1
DA:25,20
DA:27,20
DA:28,20
DA:30,20
DA:33,20
DA:36,20
DA:37,20
DA:38,20
DA:39,20
DA:41,20
DA:47,20
DA:50,20
DA:51,20
DA:52,19
DA:53,19
DA:55,0
DA:58,20
DA:59,0
DA:60,0
DA:62,0
DA:65,20
DA:66,0
DA:67,0
DA:69,0
DA:72,20
DA:73,0
DA:74,0
DA:76,0
DA:79,20
DA:80,0
DA:81,0
DA:83,0
DA:86,20
DA:87,0
DA:88,0
DA:90,0
DA:91,0
DA:92,0
DA:93,0
DA:96,20
DA:97,1
DA:99,20
DA:100,0
DA:101,20
DA:102,20
DA:113,0
DA:114,0
DA:115,0
DA:116,0
DA:117,0
DA:118,0
DA:119,0
DA:120,0
DA:121,0
DA:122,0
DA:123,0
DA:124,0
DA:125,0
DA:127,0
DA:128,0
DA:129,0
DA:131,0
DA:132,0
DA:133,0
DA:134,0
DA:135,0
DA:136,0
DA:137,0
DA:138,0
DA:139,0
DA:140,0
DA:141,0
DA:143,0
DA:144,0
DA:145,0
DA:147,0
DA:153,0
DA:155,0
DA:156,0
DA:158,0
DA:160,0
DA:162,0
DA:163,0
DA:164,0
DA:165,0
DA:166,0
DA:168,0
LF:97
LH:35
BRDA:24,0,0,20
BRDA:47,1,0,20
BRDA:51,2,0,19
BRDA:53,3,0,0
BRDA:58,4,0,0
BRDA:65,5,0,0
BRDA:72,6,0,0
BRDA:79,7,0,0
BRDA:86,8,0,0
BRDA:96,9,0,1
BRDA:99,10,0,0
BRF:11
BRH:4
end_of_record
TN:
SF:src\components\Layout\TabBar.tsx
FN:14,TabBar
FN:22,onClick
FN:35,TabButton
FNF:3
FNH:3
FNDA:20,TabBar
FNDA:1,onClick
FNDA:140,TabButton
DA:7,1
DA:14,1
DA:15,20
DA:16,20
DA:17,20
DA:18,140
DA:19,140
DA:20,140
DA:21,140
DA:22,140
DA:23,140
DA:24,20
DA:25,20
DA:27,20
DA:35,140
DA:36,140
DA:37,140
DA:38,140
DA:39,140
DA:43,140
DA:44,20
DA:45,120
DA:46,140
DA:48,140
DA:49,140
DA:50,140
DA:52,140
DA:53,140
DA:54,140
DA:55,140
DA:56,140
DA:58,140
LF:32
LH:32
BRDA:14,0,0,20
BRDA:17,1,0,140
BRDA:22,2,0,1
BRDA:35,3,0,140
BRDA:43,4,0,20
BRDA:44,5,0,120
BRDA:49,6,0,20
BRDA:49,7,0,120
BRF:8
BRH:8
end_of_record
TN:
SF:src\components\Layout\TitleBar.tsx
FN:11,TitleBar
FN:25,handleMinimize
FN:34,handleMaximize
FN:48,handleClose
FNF:4
FNH:2
FNDA:21,TitleBar
FNDA:2,handleMinimize
FNDA:0,handleMaximize
FNDA:0,handleClose
DA:1,1
DA:7,1
DA:8,1
DA:9,1
DA:11,1
DA:12,21
DA:13,21
DA:16,21
DA:17,18
DA:18,18
DA:19,18
DA:21,0
DA:22,0
DA:23,21
DA:25,21
DA:26,2
DA:27,2
DA:28,2
DA:29,2
DA:30,0
DA:31,0
DA:32,2
DA:34,21
DA:35,0
DA:36,0
DA:37,0
DA:38,0
DA:39,0
DA:40,0
DA:41,0
DA:42,0
DA:43,0
DA:44,0
DA:45,0
DA:46,0
DA:48,21
DA:49,0
DA:50,0
DA:51,0
DA:52,0
DA:53,0
DA:54,0
DA:55,0
DA:59,21
DA:60,1
DA:61,1
DA:63,20
DA:64,20
DA:65,20
DA:66,20
DA:69,20
DA:70,20
DA:71,20
DA:72,20
DA:74,20
DA:77,20
DA:78,20
DA:79,20
DA:80,20
DA:82,21
DA:83,21
DA:86,21
DA:87,21
DA:88,21
DA:89,21
DA:90,21
DA:92,21
DA:93,21
DA:94,21
DA:95,21
DA:96,21
DA:98,21
DA:99,21
DA:100,21
DA:102,21
DA:103,21
DA:104,21
DA:105,21
DA:107,21
DA:108,21
DA:109,21
DA:110,21
DA:111,21
DA:113,21
DA:114,21
DA:115,21
DA:116,21
DA:117,21
DA:118,21
DA:119,21
DA:120,21
DA:121,21
DA:122,21
DA:123,21
DA:125,21
DA:126,21
DA:127,21
DA:128,21
DA:130,21
DA:131,21
DA:132,21
DA:133,21
DA:134,21
DA:136,21
DA:137,21
DA:138,21
DA:139,21
DA:140,21
DA:141,21
DA:142,21
DA:143,21
DA:144,21
DA:145,21
DA:147,21
LF:114
LH:91
BRDA:11,0,0,21
BRDA:59,1,0,1
BRDA:61,2,0,20
BRDA:82,3,0,0
BRDA:16,4,0,18
BRDA:19,5,0,0
BRDA:25,6,0,2
BRDA:26,7,0,0
BRDA:29,8,0,0
BRF:9
BRH:5
end_of_record
TN:
SF:src\components\MicrophoneOnboarding\MicrophonePermissionFlow.tsx
FN:1,(empty-report)
FNF:1
FNH:1
FNDA:1,(empty-report)
DA:7,0
DA:8,0
DA:15,0
DA:16,0
DA:17,0
DA:20,0
DA:21,0
DA:22,0
DA:23,0
DA:24,0
DA:26,0
DA:27,0
DA:28,0
DA:29,0
DA:31,0
DA:32,0
DA:33,0
DA:36,0
DA:37,0
DA:38,0
DA:40,0
DA:41,0
DA:42,0
DA:44,0
DA:45,0
DA:46,0
DA:49,0
DA:51,0
DA:54,0
DA:57,0
DA:60,0
DA:61,0
DA:62,0
DA:63,0
DA:64,0
DA:66,0
DA:68,0
DA:72,0
DA:74,0
DA:75,0
DA:76,0
DA:77,0
DA:79,0
DA:80,0
DA:83,0
DA:84,0
DA:85,0
DA:86,0
DA:87,0
DA:89,0
DA:90,0
DA:93,0
DA:95,0
DA:96,0
DA:97,0
DA:99,0
LF:56
LH:0
BRDA:1,0,0,1
BRF:1
BRH:1
end_of_record
TN:
SF:src\components\MicrophoneOnboarding\PermissionDeniedFallback.tsx
FN:12,PermissionDeniedFallback
FNF:1
FNH:0
FNDA:0,PermissionDeniedFallback
DA:12,1
DA:13,0
DA:14,0
DA:15,0
DA:16,0
DA:17,0
DA:19,0
DA:22,0
DA:23,0
DA:24,0
DA:27,0
DA:30,0
DA:33,0
DA:34,0
DA:36,0
DA:37,0
DA:38,0
DA:39,0
DA:40,0
DA:41,0
DA:42,0
DA:43,0
DA:44,0
DA:45,0
DA:46,0
DA:47,0
DA:48,0
DA:49,0
DA:50,0
DA:51,0
DA:54,0
DA:55,0
DA:56,0
DA:57,0
DA:58,0
DA:60,0
DA:62,0
DA:64,0
LF:38
LH:1
BRF:0
BRH:0
end_of_record
TN:
SF:src\components\NoiseMeter\NoiseHistory.tsx
FN:15,NoiseHistory2
FNF:1
FNH:0
FNDA:0,NoiseHistory2
DA:6,1
DA:15,1
DA:16,0
DA:17,0
DA:18,0
DA:19,0
DA:20,0
DA:22,0
DA:23,0
DA:24,0
DA:25,0
DA:27,0
DA:28,0
DA:29,0
DA:30,0
DA:31,0
DA:32,0
DA:33,0
DA:35,0
DA:36,0
DA:37,0
DA:39,0
DA:40,0
DA:42,0
DA:43,0
DA:44,0
DA:45,0
DA:46,0
DA:48,0
DA:49,0
DA:50,0
DA:51,0
DA:52,0
DA:54,0
DA:55,0
DA:56,0
DA:57,0
DA:59,0
DA:60,0
DA:61,0
DA:63,0
DA:64,0
DA:66,0
DA:68,0
DA:71,0
DA:72,0
DA:73,0
DA:74,0
DA:75,0
DA:76,0
DA:79,0
DA:80,0
DA:81,0
DA:82,0
DA:83,0
DA:84,0
DA:85,0
DA:86,0
DA:87,0
DA:88,0
DA:91,0
DA:92,0
DA:93,0
DA:94,0
DA:95,0
DA:96,0
DA:97,0
DA:98,0
DA:101,0
DA:102,0
DA:103,0
DA:104,0
DA:105,0
DA:106,0
DA:107,0
DA:108,0
DA:111,0
DA:112,0
DA:113,0
DA:114,0
DA:115,0
DA:116,0
DA:117,0
DA:118,0
DA:119,0
DA:122,0
DA:123,0
DA:124,0
DA:125,0
DA:126,0
DA:127,0
DA:129,0
DA:130,0
DA:131,0
DA:132,0
DA:133,0
DA:137,0
DA:138,0
DA:139,0
DA:140,0
DA:141,0
DA:142,0
DA:143,0
DA:144,0
DA:145,0
DA:149,0
DA:150,0
DA:151,0
DA:152,0
DA:153,0
DA:154,0
DA:155,0
DA:156,0
DA:158,0
DA:159,0
DA:160,0
DA:161,0
DA:162,0
DA:163,0
DA:164,0
DA:165,0
DA:166,0
DA:168,0
DA:169,0
DA:172,0
DA:173,0
DA:174,0
DA:175,0
DA:176,0
DA:177,0
DA:178,0
DA:179,0
DA:180,0
DA:181,0
DA:182,0
DA:183,0
DA:184,0
DA:185,0
DA:188,0
DA:189,0
DA:191,0
DA:193,0
DA:195,0
DA:197,1
LF:144
LH:3
BRF:0
BRH:0
end_of_record
TN:
SF:src\components\NoiseMeter\NoiseMeterPanel.tsx
FN:13,NoiseMeterPanel
FNF:1
FNH:0
FNDA:0,NoiseMeterPanel
DA:6,1
DA:7,1
DA:8,1
DA:9,1
DA:10,1
DA:11,1
DA:13,1
DA:14,0
DA:15,0
DA:16,0
DA:17,0
DA:18,0
DA:19,0
DA:20,0
DA:21,0
DA:22,0
DA:23,0
DA:24,0
DA:25,0
DA:26,0
DA:27,0
DA:29,0
DA:30,0
DA:31,0
DA:34,0
DA:35,0
DA:36,0
DA:37,0
DA:38,0
DA:39,0
DA:40,0
DA:41,0
DA:42,0
DA:43,0
DA:44,0
DA:45,0
DA:48,0
DA:49,0
DA:50,0
DA:51,0
DA:52,0
DA:53,0
DA:54,0
DA:55,0
DA:56,0
DA:57,0
DA:58,0
DA:59,0
DA:60,0
DA:61,0
DA:62,0
DA:63,0
DA:64,0
DA:65,0
DA:66,0
DA:67,0
DA:70,0
DA:71,0
DA:72,0
DA:74,0
DA:75,0
DA:77,0
DA:78,0
DA:79,0
DA:80,0
DA:81,0
DA:82,0
DA:83,0
DA:84,0
DA:85,0
DA:87,0
DA:88,0
DA:92,0
DA:93,0
DA:94,0
DA:96,0
DA:97,0
DA:98,0
DA:99,0
DA:100,0
DA:101,0
DA:102,0
DA:105,0
DA:107,0
DA:108,0
DA:109,0
DA:110,0
DA:111,0
DA:112,0
DA:113,0
DA:114,0
DA:115,0
DA:117,0
DA:118,0
DA:121,0
DA:122,0
DA:123,0
DA:124,0
DA:125,0
DA:126,0
DA:127,0
DA:129,0
DA:132,0
DA:133,0
DA:134,0
DA:135,0
DA:136,0
DA:137,0
DA:138,0
DA:139,0
DA:140,0
DA:142,0
DA:143,0
DA:144,0
DA:147,0
DA:149,0
DA:150,0
DA:151,0
DA:152,0
DA:155,0
DA:156,0
DA:157,0
DA:158,0
DA:159,0
DA:160,0
DA:161,0
DA:162,0
DA:163,0
DA:164,0
DA:165,0
DA:166,0
DA:167,0
DA:168,0
DA:169,0
DA:170,0
DA:171,0
DA:172,0
DA:173,0
DA:174,0
DA:175,0
DA:176,0
DA:179,0
DA:180,0
DA:181,0
DA:182,0
DA:183,0
DA:184,0
DA:185,0
DA:186,0
DA:187,0
DA:190,0
DA:191,0
DA:192,0
DA:193,0
DA:194,0
DA:195,0
DA:196,0
DA:197,0
DA:198,0
DA:199,0
DA:202,0
DA:204,0
DA:206,0
DA:207,0
DA:208,0
DA:209,0
DA:210,0
DA:211,0
DA:212,0
DA:213,0
DA:216,0
DA:217,0
DA:220,0
DA:221,0
DA:222,0
DA:223,0
DA:224,0
DA:225,0
DA:226,0
DA:227,0
DA:228,0
DA:229,0
DA:230,0
DA:231,0
DA:235,0
DA:236,0
DA:237,0
DA:239,0
DA:240,0
DA:241,0
DA:242,0
DA:243,0
DA:244,0
DA:245,0
DA:247,0
DA:248,0
DA:249,0
DA:251,0
DA:253,0
DA:254,0
DA:255,0
DA:256,0
DA:257,0
DA:258,0
DA:260,0
DA:261,0
DA:262,0
DA:264,0
DA:266,0
DA:267,0
DA:268,0
DA:269,0
DA:270,0
DA:271,0
DA:273,0
DA:274,0
DA:275,0
DA:276,0
DA:279,0
DA:280,0
DA:281,0
DA:282,0
DA:283,0
DA:285,0
DA:286,0
DA:287,0
DA:288,0
DA:289,0
DA:291,0
DA:292,0
DA:293,0
DA:295,0
DA:296,0
DA:297,0
DA:299,0
LF:235
LH:7
BRF:0
BRH:0
end_of_record
TN:
SF:src\components\NoiseMeter\NoiseMeterVisualization.tsx
FN:19,NoiseMeterVisualization2
FNF:1
FNH:0
FNDA:0,NoiseMeterVisualization2
DA:7,1
DA:19,1
DA:20,0
DA:21,0
DA:22,0
DA:23,0
DA:25,0
DA:26,0
DA:27,0
DA:28,0
DA:29,0
DA:30,0
DA:31,0
DA:32,0
DA:33,0
DA:34,0
DA:35,0
DA:36,0
DA:38,0
DA:39,0
DA:42,0
DA:43,0
DA:44,0
DA:45,0
DA:46,0
DA:48,0
DA:49,0
DA:51,0
DA:52,0
DA:53,0
DA:54,0
DA:55,0
DA:56,0
DA:57,0
DA:58,0
DA:61,0
DA:62,0
DA:63,0
DA:64,0
DA:65,0
DA:66,0
DA:67,0
DA:68,0
DA:69,0
DA:70,0
DA:73,0
DA:74,0
DA:75,0
DA:76,0
DA:77,0
DA:78,0
DA:79,0
DA:80,0
DA:81,0
DA:82,0
DA:83,0
DA:87,0
DA:88,0
DA:89,0
DA:90,0
DA:91,0
DA:92,0
DA:93,0
DA:94,0
DA:95,0
DA:96,0
DA:99,0
DA:100,0
DA:101,0
DA:102,0
DA:103,0
DA:104,0
DA:105,0
DA:106,0
DA:107,0
DA:108,0
DA:111,0
DA:112,0
DA:113,0
DA:114,0
DA:115,0
DA:116,0
DA:117,0
DA:118,0
DA:119,0
DA:120,0
DA:121,0
DA:122,0
DA:124,0
DA:125,0
DA:126,0
DA:129,0
DA:130,0
DA:131,0
DA:132,0
DA:133,0
DA:134,0
DA:135,0
DA:136,0
DA:137,0
DA:138,0
DA:139,0
DA:140,0
DA:141,0
DA:142,0
DA:145,0
DA:146,0
DA:147,0
DA:148,0
DA:149,0
DA:150,0
DA:152,0
DA:154,1
LF:113
LH:3
BRF:0
BRH:0
end_of_record
TN:
SF:src\components\NoiseMeter\ThresholdSettings.tsx
FN:17,ThresholdSettings
FNF:1
FNH:0
FNDA:0,ThresholdSettings
DA:17,1
DA:18,0
DA:19,0
DA:20,0
DA:21,0
DA:22,0
DA:23,0
DA:24,0
DA:25,0
DA:26,0
DA:27,0
DA:28,0
DA:29,0
DA:31,0
DA:32,0
DA:33,0
DA:35,0
DA:36,0
DA:37,0
DA:39,0
DA:40,0
DA:41,0
DA:44,0
DA:45,0
DA:46,0
DA:47,0
DA:49,0
DA:50,0
DA:51,0
DA:52,0
DA:53,0
DA:54,0
DA:55,0
DA:56,0
DA:57,0
DA:58,0
DA:59,0
DA:60,0
DA:61,0
DA:63,0
DA:64,0
DA:67,0
DA:68,0
DA:69,0
DA:70,0
DA:72,0
DA:73,0
DA:74,0
DA:75,0
DA:76,0
DA:77,0
DA:78,0
DA:79,0
DA:80,0
DA:81,0
DA:82,0
DA:83,0
DA:84,0
DA:86,0
DA:87,0
DA:90,0
DA:91,0
DA:92,0
DA:93,0
DA:95,0
DA:96,0
DA:97,0
DA:98,0
DA:99,0
DA:100,0
DA:101,0
DA:102,0
DA:103,0
DA:104,0
DA:105,0
DA:106,0
DA:107,0
DA:109,0
DA:110,0
DA:113,0
DA:116,0
DA:118,0
DA:119,0
DA:121,0
DA:122,0
DA:123,0
DA:124,0
DA:125,0
DA:126,0
DA:127,0
DA:129,0
DA:130,0
DA:131,0
DA:132,0
DA:133,0
DA:134,0
DA:135,0
DA:138,0
DA:139,0
DA:140,0
DA:141,0
DA:143,0
DA:144,0
DA:145,0
DA:146,0
DA:147,0
DA:148,0
DA:149,0
DA:150,0
DA:151,0
DA:152,0
DA:153,0
DA:154,0
DA:155,0
DA:157,0
DA:158,0
DA:160,0
LF:117
LH:1
BRF:0
BRH:0
end_of_record
TN:
SF:src\components\Semaphore\AutoModeConfig.tsx
FN:19,AutoModeConfig
FNF:1
FNH:0
FNDA:0,AutoModeConfig
DA:10,1
DA:11,1
DA:19,1
DA:20,0
DA:22,0
DA:23,0
DA:26,0
DA:27,0
DA:28,0
DA:29,0
DA:30,0
DA:31,0
DA:33,0
DA:34,0
DA:36,0
DA:37,0
DA:38,0
DA:39,0
DA:40,0
DA:41,0
DA:42,0
DA:43,0
DA:45,0
DA:46,0
DA:48,0
DA:49,0
DA:50,0
DA:51,0
DA:52,0
DA:53,0
DA:54,0
DA:55,0
DA:57,0
DA:58,0
DA:59,0
DA:60,0
DA:61,0
DA:62,0
DA:64,0
DA:65,0
DA:66,0
DA:67,0
DA:68,0
DA:70,0
DA:71,0
DA:72,0
DA:74,0
DA:77,0
DA:78,0
DA:80,0
DA:81,0
DA:82,0
DA:83,0
DA:84,0
DA:85,0
DA:86,0
DA:87,0
DA:88,0
DA:89,0
DA:90,0
DA:91,0
DA:92,0
DA:93,0
DA:94,0
DA:95,0
DA:96,0
DA:97,0
DA:99,0
DA:100,0
DA:103,0
DA:104,0
DA:106,0
DA:107,0
DA:108,0
DA:109,0
DA:110,0
DA:111,0
DA:112,0
DA:113,0
DA:114,0
DA:115,0
DA:116,0
DA:117,0
DA:118,0
DA:119,0
DA:120,0
DA:121,0
DA:122,0
DA:123,0
DA:125,0
DA:126,0
DA:129,0
DA:130,0
DA:131,0
DA:132,0
DA:133,0
DA:134,0
DA:135,0
DA:136,0
DA:137,0
DA:138,0
DA:139,0
DA:140,0
DA:141,0
DA:142,0
DA:146,0
DA:147,0
DA:148,0
DA:149,0
DA:150,0
DA:151,0
DA:153,0
LF:112
LH:3
BRF:0
BRH:0
end_of_record
TN:
SF:src\components\Semaphore\FullscreenSemaphore.tsx
FN:45,FullscreenSemaphore
FNF:1
FNH:0
FNDA:0,FullscreenSemaphore
DA:11,1
DA:19,1
DA:24,1
DA:25,1
DA:26,1
DA:27,1
DA:28,1
DA:29,1
DA:30,1
DA:31,1
DA:32,1
DA:33,1
DA:34,1
DA:35,1
DA:36,1
DA:37,1
DA:38,1
DA:39,1
DA:40,1
DA:41,1
DA:42,1
DA:43,1
DA:45,1
DA:46,0
DA:49,0
DA:50,0
DA:51,0
DA:52,0
DA:53,0
DA:54,0
DA:56,0
DA:57,0
DA:58,0
DA:60,0
DA:61,0
DA:62,0
DA:63,0
DA:66,0
DA:67,0
DA:68,0
DA:69,0
DA:71,0
DA:72,0
DA:75,0
DA:76,0
DA:77,0
DA:80,0
DA:81,0
DA:84,0
DA:86,0
DA:87,0
DA:90,0
DA:91,0
DA:94,0
DA:95,0
DA:96,0
DA:97,0
DA:98,0
DA:99,0
DA:100,0
DA:101,0
DA:102,0
DA:105,0
DA:106,0
DA:107,0
DA:108,0
DA:110,0
LF:67
LH:23
BRF:0
BRH:0
end_of_record
TN:
SF:src\components\Semaphore\ManualControls.tsx
FN:53,ManualControls
FNF:1
FNH:0
FNDA:0,ManualControls
DA:19,1
DA:26,1
DA:27,1
DA:28,1
DA:29,1
DA:30,1
DA:31,1
DA:32,1
DA:33,1
DA:34,1
DA:35,1
DA:36,1
DA:37,1
DA:38,1
DA:39,1
DA:40,1
DA:41,1
DA:42,1
DA:43,1
DA:44,1
DA:45,1
DA:46,1
DA:47,1
DA:48,1
DA:49,1
DA:50,1
DA:51,1
DA:53,1
DA:54,0
DA:55,0
DA:56,0
DA:58,0
DA:59,0
DA:60,0
DA:61,0
DA:62,0
DA:63,0
DA:67,0
DA:68,0
DA:70,0
DA:75,0
DA:78,0
DA:79,0
DA:80,0
DA:81,0
DA:83,0
DA:84,0
DA:85,0
DA:86,0
DA:87,0
DA:88,0
DA:90,0
DA:93,0
DA:94,0
DA:95,0
DA:96,0
DA:97,0
DA:98,0
DA:100,0
DA:102,0
DA:104,0
DA:105,0
DA:106,0
DA:108,0
DA:110,0
DA:111,0
DA:112,0
DA:113,0
DA:114,0
DA:116,0
DA:117,0
DA:119,0
DA:121,0
DA:123,0
LF:74
LH:28
BRF:0
BRH:0
end_of_record
TN:
SF:src\components\Semaphore\ModeToggle.tsx
FN:15,ModeToggle
FNF:1
FNH:0
FNDA:0,ModeToggle
DA:15,1
DA:16,0
DA:18,0
DA:19,0
DA:20,0
DA:21,0
DA:22,0
DA:23,0
DA:24,0
DA:25,0
DA:26,0
DA:27,0
DA:28,0
DA:29,0
DA:30,0
DA:33,0
DA:34,0
DA:35,0
DA:40,0
DA:42,0
DA:43,0
DA:44,0
DA:45,0
DA:47,0
DA:48,0
DA:52,0
DA:54,0
DA:55,0
DA:56,0
DA:59,0
DA:60,0
DA:61,0
DA:62,0
DA:63,0
DA:64,0
DA:67,0
DA:68,0
DA:69,0
DA:70,0
DA:71,0
DA:72,0
DA:74,0
DA:76,0
LF:43
LH:1
BRF:0
BRH:0
end_of_record
TN:
SF:src\components\Semaphore\SemaphoreDisplay.tsx
FN:44,SemaphoreDisplay
FNF:1
FNH:0
FNDA:0,SemaphoreDisplay
DA:18,1
DA:23,1
DA:24,1
DA:25,1
DA:26,1
DA:27,1
DA:28,1
DA:29,1
DA:30,1
DA:31,1
DA:32,1
DA:33,1
DA:34,1
DA:35,1
DA:36,1
DA:37,1
DA:38,1
DA:39,1
DA:40,1
DA:41,1
DA:42,1
DA:44,1
DA:45,0
DA:46,0
DA:48,0
DA:49,0
DA:51,0
DA:52,0
DA:56,0
DA:57,0
DA:60,0
DA:62,0
DA:63,0
DA:64,0
DA:67,0
DA:70,0
DA:71,0
DA:72,0
DA:73,0
DA:76,0
DA:77,0
DA:78,0
DA:79,0
DA:80,0
DA:81,0
DA:82,0
DA:83,0
DA:86,0
DA:87,0
DA:88,0
DA:89,0
DA:90,0
DA:92,0
DA:94,0
DA:96,0
LF:55
LH:22
BRF:0
BRH:0
end_of_record
TN:
SF:src\components\Semaphore\SemaphorePanel.tsx
FN:20,SemaphorePanel
FNF:1
FNH:0
FNDA:0,SemaphorePanel
DA:11,1
DA:12,1
DA:13,1
DA:14,1
DA:15,1
DA:16,1
DA:17,1
DA:18,1
DA:20,1
DA:21,0
DA:22,0
DA:23,0
DA:24,0
DA:25,0
DA:26,0
DA:27,0
DA:28,0
DA:29,0
DA:30,0
DA:32,0
DA:33,0
DA:36,0
DA:37,0
DA:38,0
DA:39,0
DA:41,0
DA:42,0
DA:43,0
DA:45,0
DA:46,0
DA:48,0
DA:49,0
DA:50,0
DA:51,0
DA:52,0
DA:53,0
DA:55,0
DA:56,0
DA:59,0
DA:62,0
DA:64,0
DA:65,0
DA:66,0
DA:69,0
DA:71,0
DA:72,0
DA:73,0
DA:74,0
DA:75,0
DA:78,0
DA:79,0
DA:80,0
DA:81,0
DA:82,0
DA:83,0
DA:87,0
DA:88,0
DA:89,0
DA:91,0
DA:92,0
DA:94,0
DA:95,0
DA:96,0
DA:97,0
DA:98,0
DA:99,0
DA:104,0
DA:106,0
DA:107,0
DA:108,0
DA:110,0
DA:111,0
DA:115,0
DA:117,0
DA:118,0
DA:119,0
DA:120,0
DA:121,0
DA:124,0
DA:125,0
DA:127,0
DA:128,0
DA:129,0
DA:130,0
DA:131,0
DA:132,0
DA:133,0
DA:134,0
DA:135,0
DA:136,0
DA:139,0
DA:140,0
DA:141,0
DA:142,0
DA:143,0
DA:145,0
DA:147,0
LF:97
LH:9
BRF:0
BRH:0
end_of_record
TN:
SF:src\components\Semaphore\index.ts
FN:1,(empty-report)
FNF:1
FNH:1
FNDA:1,(empty-report)
DA:5,0
DA:6,0
DA:7,0
DA:8,0
DA:9,0
DA:10,0
LF:6
LH:0
BRDA:1,0,0,1
BRF:1
BRH:1
end_of_record
TN:
SF:src\components\Settings\AudioSettingsPanel.tsx
FN:13,AudioSettingsPanel
FN:31,handlePlayAlert
FN:51,onClick
FN:90,onChange
FN:112,onChange
FN:141,onChange
FN:157,onChange
FN:171,onChange
FN:185,onChange
FNF:9
FNH:1
FNDA:1,AudioSettingsPanel
FNDA:0,handlePlayAlert
FNDA:0,onClick
FNDA:0,onChange
FNDA:0,onChange
FNDA:0,onChange
FNDA:0,onChange
FNDA:0,onChange
FNDA:0,onChange
DA:1,1
DA:10,1
DA:11,1
DA:13,1
DA:14,1
DA:15,1
DA:16,1
DA:17,1
DA:18,1
DA:19,1
DA:20,1
DA:21,1
DA:22,1
DA:23,1
DA:24,1
DA:25,1
DA:26,1
DA:27,1
DA:28,1
DA:29,1
DA:31,1
DA:32,0
DA:33,0
DA:34,0
DA:35,0
DA:36,0
DA:37,0
DA:38,0
DA:40,1
DA:41,1
DA:43,1
DA:44,1
DA:46,1
DA:47,1
DA:48,1
DA:49,3
DA:50,3
DA:51,3
DA:52,3
DA:55,3
DA:56,1
DA:57,2
DA:58,3
DA:60,3
DA:62,3
DA:63,3
DA:64,3
DA:65,3
DA:66,3
DA:67,3
DA:68,3
DA:69,1
DA:70,1
DA:71,1
DA:74,1
DA:76,1
DA:77,1
DA:78,1
DA:80,1
DA:81,1
DA:82,1
DA:83,1
DA:84,1
DA:85,1
DA:86,1
DA:87,1
DA:88,1
DA:89,1
DA:90,1
DA:91,1
DA:92,1
DA:93,1
DA:94,1
DA:97,1
DA:98,1
DA:99,1
DA:101,1
DA:102,1
DA:103,1
DA:104,1
DA:105,1
DA:106,1
DA:107,1
DA:108,1
DA:109,1
DA:110,1
DA:111,1
DA:112,1
DA:113,1
DA:114,1
DA:115,1
DA:116,1
DA:117,1
DA:118,1
DA:119,1
DA:120,1
DA:122,1
DA:123,1
DA:124,1
DA:127,1
DA:128,1
DA:129,1
DA:131,1
DA:132,1
DA:133,1
DA:134,1
DA:135,1
DA:136,1
DA:137,1
DA:138,1
DA:139,1
DA:140,1
DA:141,1
DA:142,0
DA:144,1
DA:145,1
DA:146,1
DA:147,1
DA:148,1
DA:151,1
DA:153,1
DA:154,1
DA:155,1
DA:156,1
DA:157,1
DA:158,1
DA:159,1
DA:160,1
DA:161,1
DA:163,1
DA:164,1
DA:167,1
DA:168,1
DA:169,1
DA:170,1
DA:171,1
DA:172,1
DA:173,1
DA:174,1
DA:175,1
DA:177,1
DA:178,1
DA:181,1
DA:182,1
DA:183,1
DA:184,1
DA:185,1
DA:186,1
DA:187,1
DA:188,1
DA:189,1
DA:191,1
DA:192,1
DA:193,1
DA:196,1
DA:197,1
DA:198,1
DA:201,1
DA:202,1
DA:203,1
DA:205,1
LF:161
LH:153
BRDA:13,0,0,1
BRDA:48,1,0,3
BRDA:55,2,0,1
BRDA:56,3,0,2
BRF:4
BRH:4
end_of_record
TN:
SF:src\components\Settings\SettingsView.tsx
FN:11,SettingsView
FN:156,SettingItem
FN:183,WindowModeCard
FNF:3
FNH:3
FNDA:1,SettingsView
FNDA:1,SettingItem
FNDA:3,WindowModeCard
DA:6,1
DA:7,1
DA:8,1
DA:9,1
DA:11,1
DA:12,1
DA:14,1
DA:15,1
DA:17,1
DA:18,1
DA:19,1
DA:20,1
DA:21,1
DA:22,1
DA:24,1
DA:25,1
DA:28,1
DA:29,1
DA:30,1
DA:32,1
DA:33,1
DA:35,1
DA:36,1
DA:38,1
DA:39,1
DA:40,1
DA:41,1
DA:42,1
DA:43,1
DA:44,1
DA:45,1
DA:46,1
DA:47,1
DA:48,1
DA:49,1
DA:50,1
DA:51,1
DA:52,1
DA:53,1
DA:54,1
DA:55,1
DA:56,1
DA:57,1
DA:58,1
DA:59,1
DA:60,1
DA:61,1
DA:64,1
DA:65,1
DA:66,1
DA:68,1
DA:69,1
DA:71,1
DA:72,1
DA:74,1
DA:75,1
DA:78,1
DA:79,1
DA:80,1
DA:81,1
DA:83,1
DA:84,1
DA:86,1
DA:87,1
DA:88,1
DA:89,1
DA:93,1
DA:94,1
DA:95,1
DA:96,1
DA:98,1
DA:99,1
DA:101,1
DA:102,1
DA:104,1
DA:105,1
DA:106,1
DA:107,1
DA:108,1
DA:109,1
DA:110,1
DA:114,1
DA:115,0
DA:116,0
DA:117,0
DA:118,0
DA:119,0
DA:121,0
DA:122,0
DA:124,0
DA:125,0
DA:127,0
DA:129,0
DA:130,0
DA:131,0
DA:132,0
DA:133,0
DA:134,0
DA:136,0
DA:137,0
DA:138,0
DA:139,0
DA:140,0
DA:141,0
DA:142,0
DA:143,0
DA:145,1
DA:147,1
DA:156,1
DA:157,1
DA:158,1
DA:159,1
DA:160,1
DA:161,1
DA:162,1
DA:163,1
DA:164,1
DA:165,1
DA:166,1
DA:167,1
DA:169,1
DA:171,1
DA:173,1
DA:183,3
DA:184,3
DA:185,3
DA:186,3
DA:187,3
DA:188,3
DA:189,3
DA:190,3
DA:191,3
DA:192,3
DA:193,3
DA:196,3
DA:197,1
DA:198,2
DA:199,3
DA:201,3
DA:202,3
DA:205,3
DA:208,3
DA:209,3
DA:210,3
DA:213,3
DA:216,3
DA:217,1
DA:218,1
DA:219,1
DA:220,1
DA:222,3
DA:224,3
LF:152
LH:128
BRDA:11,0,0,1
BRDA:114,1,0,0
BRDA:115,2,0,0
BRDA:116,3,0,0
BRDA:156,4,0,1
BRDA:183,5,0,3
BRDA:196,6,0,1
BRDA:197,7,0,2
BRDA:216,8,0,1
BRF:9
BRH:6
end_of_record
TN:
SF:src\components\Settings\ThemeSelector.tsx
FN:10,ThemeSelector
FN:27,onClick
FN:43,onClick
FN:58,ThemeCard
FN:113,ColorSwatch
FNF:5
FNH:3
FNDA:1,ThemeSelector
FNDA:0,onClick
FNDA:0,onClick
FNDA:6,ThemeCard
FNDA:24,ColorSwatch
DA:6,1
DA:7,1
DA:10,1
DA:11,1
DA:12,1
DA:13,1
DA:15,1
DA:16,1
DA:17,1
DA:18,1
DA:20,1
DA:21,1
DA:22,1
DA:23,3
DA:24,3
DA:25,3
DA:26,3
DA:27,3
DA:28,3
DA:29,1
DA:30,1
DA:31,1
DA:33,1
DA:34,1
DA:36,1
DA:37,1
DA:38,1
DA:39,3
DA:40,3
DA:41,3
DA:42,3
DA:43,3
DA:44,3
DA:45,1
DA:46,1
DA:47,1
DA:48,1
DA:50,1
DA:58,6
DA:59,6
DA:61,6
DA:62,6
DA:63,6
DA:64,6
DA:67,6
DA:68,1
DA:69,5
DA:70,6
DA:72,6
DA:73,6
DA:76,6
DA:77,6
DA:78,6
DA:79,6
DA:82,6
DA:84,6
DA:85,6
DA:86,6
DA:89,6
DA:90,6
DA:91,6
DA:92,6
DA:93,6
DA:94,6
DA:97,6
DA:98,1
DA:99,1
DA:100,1
DA:101,1
DA:103,6
DA:104,6
DA:106,6
DA:113,24
DA:114,24
DA:115,24
DA:116,24
DA:117,24
DA:118,24
DA:119,24
DA:120,24
DA:121,24
DA:122,24
DA:124,24
LF:83
LH:83
BRDA:10,0,0,1
BRDA:22,1,0,3
BRDA:38,2,0,3
BRDA:58,3,0,6
BRDA:67,4,0,1
BRDA:68,5,0,5
BRDA:97,6,0,1
BRDA:113,7,0,24
BRF:8
BRH:8
end_of_record
TN:
SF:src\components\Timer\TimerControls.tsx
FN:9,TimerControls
FNF:1
FNH:1
FNDA:42,TimerControls
DA:9,1
DA:10,42
DA:11,42
DA:12,42
DA:13,42
DA:14,42
DA:15,42
DA:16,42
DA:17,42
DA:18,42
DA:19,42
DA:21,42
DA:22,42
DA:24,42
DA:25,42
DA:26,41
DA:27,41
DA:28,41
DA:29,41
DA:30,41
DA:31,41
DA:32,41
DA:34,41
DA:35,41
DA:36,41
DA:37,41
DA:38,41
DA:39,41
DA:41,41
DA:42,41
DA:43,41
DA:46,42
DA:47,1
DA:48,1
DA:49,1
DA:50,1
DA:51,1
DA:52,1
DA:53,1
DA:55,1
DA:56,1
DA:57,1
DA:58,1
DA:59,1
DA:60,1
DA:62,1
DA:63,1
DA:64,1
DA:67,42
DA:68,0
DA:69,0
DA:70,0
DA:71,0
DA:72,0
DA:73,0
DA:74,0
DA:76,0
DA:77,0
DA:78,0
DA:79,0
DA:80,0
DA:81,0
DA:83,0
DA:84,0
DA:85,0
DA:88,42
DA:89,0
DA:90,0
DA:91,0
DA:92,0
DA:93,0
DA:94,0
DA:95,0
DA:97,0
DA:98,0
DA:99,0
DA:100,0
DA:101,0
DA:102,0
DA:103,0
DA:104,0
DA:106,0
DA:107,0
DA:108,0
DA:109,0
DA:111,42
DA:114,42
DA:115,1
DA:116,1
DA:117,1
DA:118,1
DA:119,1
DA:120,1
DA:121,1
DA:122,1
DA:124,1
DA:125,1
DA:126,1
DA:127,1
DA:128,1
DA:129,1
DA:131,1
DA:132,1
DA:133,1
DA:135,1
DA:136,1
DA:137,1
DA:138,1
DA:139,1
DA:140,1
DA:141,1
DA:143,1
DA:144,1
DA:145,1
DA:146,1
DA:147,1
DA:148,1
DA:149,1
DA:150,1
DA:152,1
DA:153,1
DA:154,1
DA:155,1
DA:156,1
DA:160,42
DA:161,42
DA:162,41
DA:163,42
DA:164,42
DA:165,42
DA:166,42
DA:167,42
DA:169,42
LF:133
LH:98
BRDA:9,0,0,42
BRDA:25,1,0,41
BRDA:46,2,0,1
BRDA:67,3,0,0
BRDA:88,4,0,0
BRDA:114,5,0,41
BRDA:114,6,0,1
BRDA:161,7,0,41
BRDA:163,8,0,1
BRDA:164,9,0,0
BRDA:165,10,0,0
BRF:11
BRH:7
end_of_record
TN:
SF:src\components\Timer\TimerDisplay.tsx
FN:9,TimerDisplay
FN:29,getStatusColor
FN:37,getBackgroundColor
FNF:3
FNH:3
FNDA:42,TimerDisplay
FNDA:42,getStatusColor
FNDA:42,getBackgroundColor
DA:6,1
DA:9,1
DA:10,42
DA:11,42
DA:12,42
DA:13,42
DA:14,42
DA:16,42
DA:17,39
DA:18,39
DA:19,39
DA:20,42
DA:23,42
DA:24,39
DA:25,7
DA:26,42
DA:29,42
DA:30,42
DA:31,42
DA:32,42
DA:33,42
DA:34,41
DA:35,42
DA:37,42
DA:38,42
DA:39,42
DA:40,42
DA:41,41
DA:42,42
DA:44,42
DA:45,42
DA:46,42
DA:49,42
DA:50,42
DA:53,42
DA:56,42
DA:57,42
DA:60,42
DA:63,42
DA:65,42
DA:66,42
DA:69,42
DA:70,8
DA:71,8
DA:72,8
DA:74,8
DA:76,8
DA:77,8
DA:78,8
DA:79,8
DA:83,42
DA:84,42
DA:85,1
DA:86,1
DA:87,1
DA:88,1
DA:90,42
DA:91,0
DA:93,42
DA:94,0
DA:95,0
DA:96,0
DA:97,0
DA:99,42
DA:100,7
DA:102,42
DA:105,42
DA:106,0
DA:107,0
DA:108,0
DA:110,0
DA:111,0
DA:113,42
DA:115,42
LF:74
LH:64
BRDA:9,0,0,42
BRDA:50,1,0,1
BRDA:50,2,0,41
BRDA:69,3,0,8
BRDA:74,4,0,0
BRDA:84,5,0,1
BRDA:90,6,0,0
BRDA:93,7,0,0
BRDA:99,8,0,41
BRDA:99,9,0,7
BRDA:105,10,0,0
BRDA:105,11,0,0
BRDA:16,12,0,39
BRDA:23,13,0,39
BRDA:24,14,0,32
BRDA:24,15,0,7
BRDA:29,16,0,42
BRDA:30,17,0,0
BRDA:31,18,0,0
BRDA:32,19,0,1
BRDA:32,20,0,41
BRDA:33,21,0,0
BRDA:33,22,0,41
BRDA:37,23,0,42
BRDA:38,24,0,0
BRDA:39,25,0,0
BRDA:40,26,0,1
BRDA:40,27,0,41
BRF:28
BRH:18
end_of_record
TN:
SF:src\components\Timer\TimerPresets.tsx
FN:16,TimerPresets
FN:76,onClick
FN:101,onClick
FN:132,onChange
FN:157,onChange
FN:184,onClick
FNF:6
FNH:1
FNDA:42,TimerPresets
FNDA:0,onClick
FNDA:0,onClick
FNDA:0,onChange
FNDA:0,onChange
FNDA:0,onClick
DA:6,1
DA:9,1
DA:10,1
DA:11,1
DA:12,1
DA:13,1
DA:14,1
DA:16,1
DA:17,42
DA:18,42
DA:19,42
DA:20,42
DA:21,42
DA:22,42
DA:23,42
DA:28,42
DA:29,42
DA:30,0
DA:31,0
DA:32,0
DA:33,0
DA:34,0
DA:35,42
DA:36,42
DA:41,42
DA:42,0
DA:43,0
DA:44,0
DA:46,0
DA:47,0
DA:48,0
DA:49,0
DA:51,0
DA:52,0
DA:53,0
DA:54,0
DA:55,42
DA:60,42
DA:61,42
DA:62,0
DA:63,0
DA:64,0
DA:65,0
DA:66,42
DA:67,42
DA:69,42
DA:70,42
DA:72,42
DA:73,42
DA:74,168
DA:75,168
DA:76,168
DA:77,168
DA:78,168
DA:83,168
DA:84,4
DA:85,164
DA:86,168
DA:88,168
DA:89,168
DA:90,168
DA:92,168
DA:93,168
DA:94,42
DA:95,42
DA:98,42
DA:99,42
DA:100,42
DA:101,42
DA:102,42
DA:103,42
DA:108,42
DA:109,1
DA:110,41
DA:111,42
DA:113,42
DA:114,42
DA:115,42
DA:116,42
DA:118,42
DA:120,0
DA:121,0
DA:122,0
DA:123,0
DA:125,0
DA:126,0
DA:127,0
DA:128,0
DA:129,0
DA:130,0
DA:131,0
DA:132,0
DA:133,0
DA:134,0
DA:135,0
DA:143,0
DA:144,0
DA:145,0
DA:146,0
DA:147,0
DA:148,0
DA:150,0
DA:151,0
DA:152,0
DA:153,0
DA:154,0
DA:155,0
DA:156,0
DA:157,0
DA:158,0
DA:159,0
DA:160,0
DA:168,0
DA:169,0
DA:170,0
DA:171,0
DA:174,0
DA:175,0
DA:176,0
DA:177,0
DA:178,0
DA:179,0
DA:180,0
DA:182,0
DA:183,0
DA:184,0
DA:185,0
DA:186,0
DA:187,0
DA:188,0
DA:189,0
DA:190,0
DA:191,0
DA:192,0
DA:194,0
DA:195,0
DA:197,0
DA:199,0
DA:200,0
DA:202,42
DA:205,42
DA:207,42
DA:208,42
DA:210,42
LF:144
LH:65
BRDA:16,0,0,42
BRDA:108,1,0,1
BRDA:109,2,0,41
BRDA:114,3,0,1
BRDA:114,4,0,41
BRDA:118,5,0,0
BRDA:73,6,0,168
BRDA:83,7,0,4
BRDA:84,8,0,164
BRDA:89,9,0,4
BRDA:89,10,0,164
BRF:11
BRH:10
end_of_record
TN:
SF:src\components\Timer\TimerView.tsx
FN:17,TimerView
FN:27,onWarning
FN:41,onComplete
FNF:3
FNH:1
FNDA:46,TimerView
FNDA:0,onWarning
FNDA:0,onComplete
DA:1,1
DA:7,1
DA:8,1
DA:9,1
DA:10,1
DA:11,1
DA:12,1
DA:17,1
DA:18,46
DA:19,46
DA:20,46
DA:23,46
DA:26,46
DA:27,46
DA:29,0
DA:31,0
DA:34,0
DA:35,0
DA:36,0
DA:37,0
DA:38,0
DA:39,0
DA:40,0
DA:41,46
DA:43,0
DA:46,0
DA:47,0
DA:48,0
DA:49,0
DA:50,0
DA:51,0
DA:52,46
DA:57,46
DA:58,33
DA:60,32
DA:61,32
DA:62,46
DA:68,46
DA:69,32
DA:70,32
DA:71,32
DA:72,0
DA:73,0
DA:74,32
DA:75,46
DA:77,46
DA:78,46
DA:80,46
DA:81,46
DA:83,46
DA:84,46
DA:86,46
DA:87,46
DA:90,46
DA:92,46
DA:93,46
DA:94,46
DA:95,46
DA:96,46
DA:97,46
DA:98,46
DA:99,46
DA:100,46
DA:101,46
DA:104,46
DA:105,46
DA:106,46
DA:107,46
DA:108,46
DA:109,46
DA:110,46
DA:111,46
DA:112,46
DA:113,46
DA:114,46
DA:117,46
DA:118,46
DA:120,46
DA:121,46
DA:122,46
DA:123,46
DA:124,46
DA:125,46
DA:126,46
DA:129,46
DA:130,12
DA:131,12
DA:132,12
DA:133,12
DA:134,12
DA:135,12
DA:136,12
DA:137,12
DA:138,12
DA:139,12
DA:140,12
DA:141,12
DA:142,12
DA:143,12
DA:144,12
DA:145,12
DA:146,12
DA:147,12
DA:148,12
DA:149,12
DA:150,12
DA:151,12
DA:152,12
DA:154,46
DA:157,46
DA:158,46
DA:161,46
DA:162,46
DA:163,46
DA:165,46
LF:115
LH:97
BRDA:17,0,0,46
BRDA:129,1,0,12
BRDA:57,2,0,33
BRDA:58,3,0,32
BRDA:68,4,0,32
BRDA:69,5,0,32
BRDA:71,6,0,0
BRF:7
BRH:6
end_of_record
TN:
SF:src\config\features.ts
FN:244,isFeatureEnabled
FN:251,getEnabledFeatures
FN:260,getDisabledFeatures
FN:269,requireFeature
FN:293,isPhaseCompleteWithEdgeCases
FN:308,getUnresolvedEdgeCases
FNF:6
FNH:0
FNDA:0,isFeatureEnabled
FNDA:0,getEnabledFeatures
FNDA:0,getDisabledFeatures
FNDA:0,requireFeature
FNDA:0,isPhaseCompleteWithEdgeCases
FNDA:0,getUnresolvedEdgeCases
DA:41,1
DA:44,1
DA:46,1
DA:47,1
DA:48,1
DA:49,1
DA:52,1
DA:53,1
DA:54,1
DA:55,1
DA:58,1
DA:59,1
DA:60,1
DA:61,1
DA:64,1
DA:65,1
DA:66,1
DA:67,1
DA:70,1
DA:71,1
DA:72,1
DA:74,1
DA:77,1
DA:78,1
DA:79,1
DA:80,1
DA:81,1
DA:82,1
DA:83,1
DA:84,1
DA:85,1
DA:91,1
DA:93,1
DA:96,1
DA:97,1
DA:98,1
DA:101,1
DA:102,1
DA:103,1
DA:112,1
DA:113,1
DA:114,1
DA:115,1
DA:125,1
DA:126,1
DA:127,1
DA:128,1
DA:137,1
DA:138,1
DA:139,1
DA:140,1
DA:146,1
DA:147,1
DA:148,1
DA:149,1
DA:150,1
DA:156,1
DA:157,1
DA:158,1
DA:163,1
DA:164,1
DA:165,1
DA:166,1
DA:167,1
DA:172,1
DA:173,1
DA:174,1
DA:175,1
DA:176,1
DA:177,1
DA:178,1
DA:179,1
DA:180,1
DA:181,1
DA:182,1
DA:183,1
DA:184,1
DA:185,1
DA:186,1
DA:187,1
DA:188,1
DA:189,1
DA:190,1
DA:191,1
DA:192,1
DA:193,1
DA:194,1
DA:195,1
DA:196,1
DA:197,1
DA:198,1
DA:199,1
DA:200,1
DA:201,1
DA:202,1
DA:203,1
DA:204,1
DA:205,1
DA:206,1
DA:207,1
DA:208,1
DA:209,1
DA:210,1
DA:211,1
DA:212,1
DA:213,1
DA:214,1
DA:215,1
DA:216,1
DA:217,1
DA:218,1
DA:219,1
DA:220,1
DA:221,1
DA:222,1
DA:223,1
DA:224,1
DA:225,1
DA:226,1
DA:227,1
DA:228,1
DA:229,1
DA:230,1
DA:231,1
DA:232,1
DA:233,1
DA:234,1
DA:235,1
DA:236,1
DA:237,1
DA:238,1
DA:239,1
DA:244,1
DA:245,0
DA:246,0
DA:251,1
DA:252,0
DA:253,0
DA:254,0
DA:255,0
DA:260,1
DA:261,0
DA:262,0
DA:263,0
DA:264,0
DA:269,1
DA:270,0
DA:271,0
DA:272,0
DA:273,0
DA:274,0
DA:275,0
DA:276,0
DA:277,0
DA:278,0
DA:279,0
DA:293,1
DA:294,0
DA:295,0
DA:297,0
DA:298,0
DA:299,0
DA:301,0
DA:302,0
DA:308,1
DA:309,0
DA:310,0
DA:312,0
DA:313,0
DA:314,0
DA:317,0
DA:318,0
DA:319,0
DA:320,0
DA:321,0
DA:322,0
DA:323,0
DA:324,0
DA:325,0
DA:327,0
DA:328,0
DA:329,0
DA:330,0
DA:331,0
LF:184
LH:138
BRF:0
BRH:0
end_of_record
TN:
SF:src\hooks\useAudioService.ts
FN:14,useAudioService
FNF:1
FNH:1
FNDA:89,useAudioService
DA:1,1
DA:9,1
DA:10,1
DA:11,1
DA:14,1
DA:17,89
DA:18,89
DA:19,89
DA:20,89
DA:21,89
DA:22,89
DA:28,89
DA:29,89
DA:30,0
DA:31,0
DA:32,0
DA:35,0
DA:38,0
DA:39,0
DA:40,0
DA:41,0
DA:43,0
DA:44,0
DA:45,0
DA:46,0
DA:47,0
DA:48,0
DA:49,0
DA:50,89
DA:51,89
DA:56,89
DA:57,89
DA:58,0
DA:59,0
DA:60,0
DA:63,0
DA:64,0
DA:65,0
DA:67,0
DA:68,0
DA:69,0
DA:70,0
DA:71,0
DA:72,0
DA:73,89
DA:74,89
DA:79,89
DA:80,0
DA:81,89
DA:86,89
DA:87,0
DA:88,89
DA:93,89
DA:94,0
DA:95,89
DA:100,89
DA:101,0
DA:102,89
DA:107,89
DA:108,0
DA:109,89
DA:114,89
DA:115,0
DA:116,89
DA:118,89
DA:119,89
DA:120,89
DA:121,89
DA:122,89
DA:123,89
DA:124,89
DA:125,89
DA:126,89
DA:127,89
DA:128,89
LF:75
LH:42
BRDA:14,0,0,89
BRDA:17,1,0,274
BRDA:18,2,0,274
BRDA:19,3,0,274
BRDA:20,4,0,274
BRDA:21,5,0,274
BRDA:22,6,0,274
BRF:7
BRH:7
end_of_record
TN:
SF:src\hooks\useMicrophonePermission.ts
FN:24,useMicrophonePermission
FN:29,isMediaDevicesAvailable
FN:39,checkStoredPermission
FN:59,requestPermission
FN:128,hasShownMicrophoneOnboarding
FN:135,resetMicrophoneOnboarding
FN:143,markMicrophoneOnboardingComplete
FN:150,getStoredMicrophonePermission
FNF:8
FNH:4
FNDA:18,useMicrophonePermission
FNDA:16,isMediaDevicesAvailable
FNDA:10,checkStoredPermission
FNDA:6,requestPermission
FNDA:0,hasShownMicrophoneOnboarding
FNDA:0,resetMicrophoneOnboarding
FNDA:0,markMicrophoneOnboardingComplete
FNDA:0,getStoredMicrophonePermission
DA:7,1
DA:21,1
DA:22,1
DA:24,1
DA:25,18
DA:26,18
DA:29,18
DA:30,16
DA:31,16
DA:32,16
DA:33,16
DA:35,16
DA:38,18
DA:39,10
DA:40,10
DA:41,0
DA:42,0
DA:43,0
DA:44,0
DA:47,10
DA:48,10
DA:49,1
DA:50,10
DA:51,1
DA:52,1
DA:53,1
DA:54,10
DA:56,10
DA:57,18
DA:59,18
DA:60,6
DA:61,0
DA:62,0
DA:63,0
DA:64,0
DA:65,0
DA:67,6
DA:68,6
DA:69,6
DA:72,6
DA:76,3
DA:77,3
DA:78,3
DA:81,3
DA:82,3
DA:84,3
DA:85,3
DA:87,3
DA:88,3
DA:89,3
DA:91,3
DA:92,3
DA:93,1
DA:94,1
DA:95,1
DA:96,3
DA:97,1
DA:98,1
DA:99,1
DA:100,1
DA:101,1
DA:102,1
DA:103,1
DA:104,0
DA:105,0
DA:106,0
DA:107,3
DA:109,3
DA:110,3
DA:111,3
DA:112,6
DA:114,18
DA:115,18
DA:116,18
DA:117,18
DA:118,18
DA:119,18
DA:120,18
DA:121,18
DA:122,18
DA:123,18
DA:128,1
DA:129,0
DA:130,0
DA:135,1
DA:136,0
DA:137,0
DA:143,1
DA:144,0
DA:145,0
DA:150,1
DA:151,0
DA:152,0
DA:153,0
DA:154,0
DA:155,0
LF:96
LH:73
BRDA:24,0,0,18
BRDA:29,1,0,16
BRDA:38,2,0,10
BRDA:39,3,0,10
BRDA:40,4,0,0
BRDA:48,5,0,1
BRDA:50,6,0,9
BRDA:50,7,0,1
BRDA:59,8,0,6
BRDA:60,9,0,0
BRDA:72,10,0,3
BRDA:92,11,0,1
BRDA:96,12,0,2
BRDA:96,13,0,1
BRDA:103,14,0,0
BRDA:110,15,0,0
BRDA:76,16,0,3
BRF:17
BRH:13
end_of_record
TN:
SF:src\hooks\useNoiseMeter.ts
FN:39,useNoiseMeter
FNF:1
FNH:1
FNDA:51,useNoiseMeter
DA:1,1
DA:7,1
DA:8,1
DA:9,1
DA:10,1
DA:37,1
DA:39,1
DA:40,51
DA:41,51
DA:42,51
DA:43,51
DA:44,51
DA:45,51
DA:46,51
DA:47,51
DA:48,51
DA:49,51
DA:50,51
DA:51,51
DA:52,51
DA:53,51
DA:54,51
DA:55,51
DA:56,51
DA:58,51
DA:60,51
DA:61,51
DA:62,51
DA:65,51
DA:66,14
DA:67,14
DA:69,14
DA:70,1
DA:71,1
DA:72,14
DA:73,1
DA:74,1
DA:75,14
DA:76,51
DA:79,51
DA:80,14
DA:81,51
DA:84,51
DA:85,1
DA:86,0
DA:87,0
DA:88,0
DA:91,1
DA:92,0
DA:93,0
DA:94,0
DA:95,0
DA:96,0
DA:97,0
DA:98,0
DA:99,0
DA:101,1
DA:103,1
DA:106,1
DA:107,1
DA:108,0
DA:109,0
DA:110,0
DA:113,1
DA:114,0
DA:115,1
DA:118,1
DA:119,0
DA:120,1
DA:122,1
DA:123,1
DA:124,1
DA:125,0
DA:126,0
DA:127,0
DA:128,0
DA:129,51
DA:132,51
DA:133,1
DA:134,0
DA:135,0
DA:138,1
DA:139,0
DA:140,0
DA:141,0
DA:144,1
DA:145,0
DA:146,0
DA:147,0
DA:150,1
DA:151,1
DA:152,51
DA:155,51
DA:156,1
DA:157,1
DA:158,1
DA:159,1
DA:161,0
DA:162,0
DA:163,51
DA:166,51
DA:167,14
DA:169,14
DA:170,1
DA:171,1
DA:172,14
DA:173,1
DA:174,1
DA:175,14
DA:176,0
DA:177,0
DA:178,14
DA:179,51
DA:181,51
DA:182,51
DA:183,51
DA:184,51
DA:185,51
DA:186,51
DA:187,51
DA:188,51
DA:189,51
DA:190,51
DA:191,51
DA:192,51
DA:193,51
DA:194,51
DA:195,51
DA:196,51
DA:197,51
DA:198,51
DA:199,51
DA:200,51
LF:133
LH:101
BRDA:39,0,0,51
BRDA:65,1,0,14
BRDA:67,2,0,14
BRDA:69,3,0,1
BRDA:72,4,0,1
BRDA:79,5,0,14
BRDA:84,6,0,1
BRDA:85,7,0,0
BRDA:91,8,0,0
BRDA:107,9,0,0
BRDA:124,10,0,0
BRDA:132,11,0,1
BRDA:133,12,0,0
BRDA:138,13,0,0
BRDA:144,14,0,0
BRDA:155,15,0,1
BRDA:159,16,0,0
BRDA:166,17,0,14
BRDA:167,18,0,14
BRDA:169,19,0,1
BRDA:172,20,0,1
BRDA:175,21,0,0
BRF:22
BRH:13
end_of_record
TN:
SF:src\hooks\useSemaphore.ts
FN:31,useSemaphore
FN:80,handleKeyPress
FNF:2
FNH:2
FNDA:47,useSemaphore
FNDA:5,handleKeyPress
DA:1,1
DA:12,1
DA:13,1
DA:14,1
DA:31,1
DA:33,47
DA:34,47
DA:35,47
DA:36,47
DA:37,47
DA:38,47
DA:39,47
DA:42,47
DA:45,47
DA:46,47
DA:49,47
DA:50,4
DA:51,3
DA:52,3
DA:53,47
DA:55,47
DA:56,2
DA:57,47
DA:59,47
DA:60,9
DA:61,47
DA:63,47
DA:64,3
DA:65,2
DA:66,3
DA:67,1
DA:68,1
DA:69,47
DA:72,47
DA:73,39
DA:74,14
DA:75,14
DA:76,47
DA:79,47
DA:80,34
DA:82,5
DA:83,5
DA:84,1
DA:85,1
DA:88,5
DA:89,3
DA:90,1
DA:91,1
DA:92,3
DA:93,1
DA:94,1
DA:95,1
DA:96,1
DA:97,1
DA:98,1
DA:99,3
DA:100,5
DA:102,34
DA:103,34
DA:104,47
DA:106,47
DA:107,47
DA:108,47
DA:109,47
DA:110,47
DA:111,47
DA:112,47
DA:113,47
DA:114,47
DA:115,47
DA:116,47
DA:117,47
LF:72
LH:72
BRDA:31,0,0,47
BRDA:33,1,0,174
BRDA:34,2,0,174
BRDA:35,3,0,174
BRDA:36,4,0,174
BRDA:37,5,0,174
BRDA:38,6,0,174
BRDA:39,7,0,174
BRDA:42,8,0,147
BRDA:45,9,0,34
BRDA:46,10,0,34
BRDA:49,11,0,4
BRDA:50,12,0,3
BRDA:55,13,0,2
BRDA:56,14,0,1
BRDA:56,15,0,1
BRDA:59,16,0,9
BRDA:63,17,0,3
BRDA:64,18,0,2
BRDA:66,19,0,1
BRDA:72,20,0,39
BRDA:73,21,0,14
BRDA:73,22,0,14
BRDA:79,23,0,34
BRDA:80,24,0,5
BRDA:83,25,0,4
BRDA:83,26,0,1
BRDA:85,27,0,4
BRDA:88,28,0,3
BRDA:89,29,0,1
BRDA:92,30,0,2
BRDA:92,31,0,1
BRDA:103,32,0,34
BRF:33
BRH:33
end_of_record
TN:
SF:src\hooks\useSemaphoreAudio.ts
FN:20,useSemaphoreAudio
FNF:1
FNH:0
FNDA:0,useSemaphoreAudio
DA:1,1
DA:11,1
DA:13,1
DA:20,1
DA:21,0
DA:22,0
DA:24,0
DA:26,0
DA:27,0
DA:28,0
DA:29,0
DA:32,0
DA:35,0
DA:36,0
DA:37,0
DA:39,0
DA:40,0
DA:41,0
DA:42,0
LF:19
LH:4
BRF:0
BRH:0
end_of_record
TN:
SF:src\hooks\useTimer.ts
FN:13,debugLog
FN:34,useTimer
FNF:2
FNH:2
FNDA:73,debugLog
FNDA:160,useTimer
DA:1,1
DA:8,1
DA:9,1
DA:12,1
DA:13,1
DA:14,73
DA:15,73
DA:34,1
DA:35,160
DA:36,160
DA:37,160
DA:38,160
DA:39,160
DA:40,160
DA:41,160
DA:42,160
DA:43,160
DA:44,160
DA:45,160
DA:46,160
DA:47,160
DA:48,160
DA:49,160
DA:50,160
DA:53,160
DA:55,160
DA:56,108
DA:57,160
DA:60,160
DA:63,160
DA:69,160
DA:70,124
DA:71,93
DA:72,93
DA:74,31
DA:76,31
DA:77,197
DA:78,31
DA:81,31
DA:82,31
DA:83,31
DA:84,31
DA:85,160
DA:91,160
DA:93,146
DA:94,6
DA:95,5
DA:96,5
DA:97,5
DA:98,5
DA:99,6
DA:100,160
DA:105,160
DA:106,124
DA:107,6
DA:108,6
DA:111,6
DA:112,6
DA:115,124
DA:116,83
DA:117,83
DA:118,83
DA:119,160
DA:124,160
DA:125,152
DA:126,42
DA:127,42
DA:128,160
DA:134,160
DA:135,160
DA:136,11
DA:137,11
DA:138,11
DA:139,160
DA:140,160
DA:145,160
DA:146,170
DA:147,170
DA:148,170
DA:149,160
DA:154,160
DA:155,162
DA:156,79
DA:157,160
DA:162,160
DA:163,4
DA:164,160
DA:166,160
DA:168,160
DA:169,160
DA:170,160
DA:171,160
DA:172,160
DA:175,160
DA:176,160
DA:177,160
DA:178,160
DA:179,160
DA:180,160
DA:181,160
DA:182,160
DA:185,160
DA:186,160
DA:187,160
DA:190,160
DA:191,160
DA:192,160
DA:193,160
DA:194,160
DA:195,160
DA:196,160
DA:197,160
LF:112
LH:112
BRDA:13,0,0,73
BRDA:34,1,0,160
BRDA:55,2,0,108
BRDA:69,3,0,124
BRDA:70,4,0,93
BRDA:72,5,0,31
BRDA:76,6,0,197
BRDA:81,7,0,31
BRDA:91,8,0,146
BRDA:93,9,0,6
BRDA:94,10,0,5
BRDA:97,11,0,2
BRDA:105,12,0,124
BRDA:106,13,0,6
BRDA:106,14,0,6
BRDA:111,15,0,5
BRDA:115,16,0,83
BRDA:124,17,0,152
BRDA:125,18,0,42
BRDA:126,19,0,14
BRDA:126,20,0,2
BRDA:135,21,0,11
BRDA:145,22,0,170
BRDA:154,23,0,162
BRDA:155,24,0,83
BRDA:155,25,0,79
BRDA:162,26,0,4
BRDA:163,27,0,5
BRF:28
BRH:28
end_of_record
TN:
SF:src\hooks\useWindowMode.ts
FN:8,useWindowMode
FN:11,setNormal
FN:15,setOverlay
FN:19,setFullscreen
FN:23,toggleMode
FNF:5
FNH:3
FNDA:22,useWindowMode
FNDA:0,setNormal
FNDA:1,setOverlay
FNDA:0,setFullscreen
FNDA:1,toggleMode
DA:6,1
DA:8,1
DA:9,22
DA:11,22
DA:12,0
DA:13,0
DA:15,22
DA:16,1
DA:17,1
DA:19,22
DA:20,0
DA:21,0
DA:23,22
DA:24,1
DA:25,1
DA:26,1
DA:27,1
DA:28,1
DA:29,0
DA:30,0
DA:31,1
DA:32,0
DA:33,0
DA:34,1
DA:35,1
DA:37,22
DA:38,22
DA:39,22
DA:40,22
DA:41,22
DA:42,22
DA:43,22
DA:44,22
DA:45,22
DA:46,22
DA:47,22
DA:48,22
LF:37
LH:29
BRDA:8,0,0,22
BRDA:15,1,0,1
BRDA:23,2,0,1
BRDA:28,3,0,0
BRDA:31,4,0,0
BRF:5
BRH:3
end_of_record
TN:
SF:src\services\audioMonitoringService.ts
FN:39,<static_initializer>
FN:42,<instance_members_initializer>
FN:70,AudioMonitoringService
FN:92,getInstance
FN:104,startMonitoring
FN:158,stopMonitoring
FN:205,updateLevel
FN:250,getCurrentLevel
FN:258,getFrequencyData
FN:274,getTimeDomainData
FN:287,calibrate
FN:305,isMonitoringActive
FN:312,isCalibratedCheck
FN:319,getBaselineLevel
FN:327,onLevelChange
FN:340,getAnalyserNode
FN:348,getAudioContext
FN:356,reset
FN:369,resetAudioMonitoringServiceForTesting
FNF:19
FNH:19
FNDA:3,<static_initializer>
FNDA:38,<instance_members_initializer>
FNDA:38,AudioMonitoringService
FNDA:75,getInstance
FNDA:16,startMonitoring
FNDA:37,stopMonitoring
FNDA:21,updateLevel
FNDA:4,getCurrentLevel
FNDA:3,getFrequencyData
FNDA:2,getTimeDomainData
FNDA:5,calibrate
FNDA:5,isMonitoringActive
FNDA:4,isCalibratedCheck
FNDA:1,getBaselineLevel
FNDA:6,onLevelChange
FNDA:2,getAnalyserNode
FNDA:1,getAudioContext
FNDA:32,reset
FNDA:30,resetAudioMonitoringServiceForTesting
DA:1,1
DA:18,1
DA:38,1
DA:39,1
DA:42,1
DA:43,38
DA:44,38
DA:45,38
DA:46,38
DA:49,38
DA:50,38
DA:51,38
DA:54,38
DA:55,38
DA:56,38
DA:59,38
DA:62,38
DA:65,38
DA:70,1
DA:71,38
DA:72,38
DA:74,38
DA:75,38
DA:76,38
DA:77,38
DA:78,38
DA:79,38
DA:80,38
DA:82,38
DA:83,38
DA:84,38
DA:85,38
DA:86,38
DA:92,1
DA:93,75
DA:94,38
DA:95,38
DA:96,75
DA:97,75
DA:104,1
DA:105,16
DA:106,1
DA:107,1
DA:108,1
DA:110,15
DA:112,16
DA:113,0
DA:114,0
DA:115,0
DA:116,0
DA:118,15
DA:121,15
DA:124,15
DA:125,15
DA:126,15
DA:129,15
DA:133,15
DA:134,15
DA:135,15
DA:138,15
DA:139,15
DA:141,16
DA:142,14
DA:143,14
DA:144,14
DA:145,14
DA:147,14
DA:148,16
DA:149,1
DA:150,1
DA:151,1
DA:152,1
DA:153,16
DA:158,1
DA:159,37
DA:160,23
DA:161,23
DA:163,14
DA:165,14
DA:166,14
DA:167,14
DA:168,14
DA:171,14
DA:172,14
DA:173,14
DA:174,14
DA:176,14
DA:177,14
DA:178,14
DA:179,14
DA:182,14
DA:183,14
DA:184,14
DA:185,14
DA:186,14
DA:187,14
DA:189,14
DA:190,14
DA:191,14
DA:193,14
DA:194,14
DA:195,14
DA:196,37
DA:197,0
DA:198,0
DA:199,37
DA:205,1
DA:206,21
DA:207,0
DA:208,0
DA:211,21
DA:214,21
DA:215,21
DA:216,21
DA:217,21504
DA:218,21504
DA:219,21504
DA:220,21504
DA:221,21
DA:224,21
DA:227,21
DA:228,21
DA:229,21
DA:230,21
DA:233,21
DA:234,21
DA:236,21
DA:239,21
DA:240,7
DA:241,21
DA:244,21
DA:245,21
DA:250,1
DA:251,4
DA:252,4
DA:258,1
DA:259,3
DA:260,1
DA:261,1
DA:264,2
DA:265,2
DA:266,2
DA:268,2
DA:269,3
DA:274,1
DA:275,2
DA:276,1
DA:277,1
DA:279,1
DA:280,1
DA:281,2
DA:287,1
DA:288,5
DA:289,2
DA:290,2
DA:291,2
DA:294,3
DA:295,3
DA:297,3
DA:298,3
DA:299,3
DA:300,5
DA:305,1
DA:306,5
DA:307,5
DA:312,1
DA:313,4
DA:314,4
DA:319,1
DA:320,1
DA:321,1
DA:327,1
DA:328,6
DA:331,6
DA:332,1
DA:333,1
DA:334,6
DA:340,1
DA:341,2
DA:342,2
DA:348,1
DA:349,1
DA:350,1
DA:356,1
DA:357,32
DA:358,32
DA:359,32
DA:360,32
DA:361,32
DA:362,32
DA:363,1
DA:369,1
DA:371,30
DA:372,30
LF:194
LH:186
BRDA:39,0,0,3
BRDA:42,1,0,38
BRDA:70,2,0,38
BRDA:92,3,0,75
BRDA:93,4,0,38
BRDA:104,5,0,16
BRDA:105,6,0,1
BRDA:108,7,0,15
BRDA:112,8,0,0
BRDA:116,9,0,15
BRDA:141,10,0,14
BRDA:148,11,0,1
BRDA:158,12,0,37
BRDA:159,13,0,23
BRDA:161,14,0,14
BRDA:196,15,0,0
BRDA:183,16,0,14
BRDA:205,17,0,21
BRDA:206,18,0,0
BRDA:216,19,0,21504
BRDA:217,20,0,0
BRDA:224,21,0,0
BRDA:239,22,0,7
BRDA:244,23,0,7
BRDA:250,24,0,4
BRDA:258,25,0,3
BRDA:259,26,0,2
BRDA:259,27,0,1
BRDA:261,28,0,2
BRDA:274,29,0,2
BRDA:275,30,0,1
BRDA:275,31,0,1
BRDA:275,32,0,1
BRDA:287,33,0,5
BRDA:288,34,0,2
BRDA:291,35,0,3
BRDA:305,36,0,5
BRDA:312,37,0,4
BRDA:319,38,0,1
BRDA:327,39,0,6
BRDA:331,40,0,1
BRDA:332,41,0,1
BRDA:340,42,0,2
BRDA:348,43,0,1
BRDA:356,44,0,32
BRDA:369,45,0,30
BRF:46
BRH:41
end_of_record
TN:
SF:src\services\audioService.ts
FN:56,<static_initializer>
FN:59,<instance_members_initializer>
FN:72,AudioService
FN:115,getInstance
FN:126,getContext
FN:134,getMasterGain
FN:142,setMasterVolume
FN:157,validateAudioUrl
FN:183,loadAudioFile
FN:252,generateBeepTone
FN:282,playAlert
FN:350,stopAlert
FN:378,playBackgroundMusic
FN:430,stopBackgroundMusic
FN:455,pauseBackgroundMusic
FN:473,resumeBackgroundMusic
FN:488,duckBackgroundMusic
FN:507,restoreBackgroundMusicVolume
FN:523,setConfig
FN:533,getConfig
FN:541,getBackgroundMusicState
FN:548,isBackgroundMusicPlaying
FN:556,clearCache
FN:564,getCacheStats
FNF:24
FNH:23
FNDA:6,<static_initializer>
FNDA:48,<instance_members_initializer>
FNDA:48,AudioService
FNDA:104,getInstance
FNDA:64,getContext
FNDA:7,getMasterGain
FNDA:1,setMasterVolume
FNDA:22,validateAudioUrl
FNDA:22,loadAudioFile
FNDA:19,generateBeepTone
FNDA:8,playAlert
FNDA:16,stopAlert
FNDA:9,playBackgroundMusic
FNDA:11,stopBackgroundMusic
FNDA:1,pauseBackgroundMusic
FNDA:0,resumeBackgroundMusic
FNDA:1,duckBackgroundMusic
FNDA:1,restoreBackgroundMusicVolume
FNDA:7,setConfig
FNDA:7,getConfig
FNDA:8,getBackgroundMusicState
FNDA:5,isBackgroundMusicPlaying
FNDA:1,clearCache
FNDA:2,getCacheStats
DA:1,1
DA:16,1
DA:26,1
DA:29,1
DA:32,1
DA:35,1
DA:38,1
DA:41,1
DA:44,1
DA:47,1
DA:50,1
DA:53,1
DA:55,1
DA:56,1
DA:59,1
DA:60,48
DA:63,48
DA:64,48
DA:65,48
DA:68,48
DA:69,48
DA:72,1
DA:74,48
DA:75,48
DA:76,48
DA:79,48
DA:80,48
DA:81,48
DA:82,48
DA:83,48
DA:84,48
DA:85,48
DA:86,48
DA:87,48
DA:88,48
DA:91,48
DA:94,48
DA:95,48
DA:96,48
DA:97,48
DA:98,48
DA:99,48
DA:100,48
DA:101,48
DA:102,48
DA:104,48
DA:105,48
DA:106,48
DA:107,48
DA:108,48
DA:115,1
DA:116,104
DA:117,48
DA:118,48
DA:119,104
DA:120,104
DA:126,1
DA:127,64
DA:128,64
DA:134,1
DA:135,7
DA:136,7
DA:142,1
DA:143,1
DA:144,1
DA:145,1
DA:146,1
DA:147,1
DA:157,1
DA:159,22
DA:160,0
DA:161,0
DA:164,22
DA:165,19
DA:166,19
DA:169,3
DA:170,3
DA:171,3
DA:172,3
DA:173,22
DA:183,1
DA:184,22
DA:186,22
DA:189,22
DA:190,1
DA:191,1
DA:192,1
DA:195,18
DA:196,22
DA:197,10
DA:198,10
DA:201,2
DA:204,2
DA:205,2
DA:206,2
DA:207,22
DA:208,0
DA:209,0
DA:210,0
DA:211,0
DA:212,0
DA:215,2
DA:218,22
DA:219,0
DA:220,0
DA:221,0
DA:222,0
DA:223,0
DA:224,0
DA:226,2
DA:227,2
DA:228,22
DA:229,19
DA:230,13
DA:231,6
DA:232,6
DA:233,6
DA:234,6
DA:236,19
DA:239,19
DA:240,19
DA:241,22
DA:252,1
DA:253,19
DA:254,19
DA:255,19
DA:256,19
DA:257,19
DA:259,19
DA:260,19
DA:263,19
DA:264,418950
DA:265,418950
DA:266,418950
DA:268,19
DA:269,19
DA:270,19
DA:282,1
DA:283,8
DA:284,8
DA:287,8
DA:290,8
DA:291,8
DA:292,0
DA:293,0
DA:296,8
DA:297,1
DA:298,1
DA:301,8
DA:302,8
DA:305,8
DA:306,8
DA:309,8
DA:310,8
DA:313,8
DA:314,8
DA:317,8
DA:320,8
DA:323,8
DA:324,8
DA:327,8
DA:330,8
DA:331,1
DA:332,1
DA:335,8
DA:336,8
DA:337,0
DA:338,0
DA:339,0
DA:340,0
DA:342,0
DA:343,0
DA:344,0
DA:345,8
DA:350,1
DA:351,16
DA:352,6
DA:353,6
DA:354,6
DA:356,6
DA:358,0
DA:359,6
DA:360,6
DA:362,16
DA:363,6
DA:364,6
DA:365,6
DA:367,16
DA:368,16
DA:378,1
DA:379,9
DA:380,9
DA:383,9
DA:386,9
DA:387,9
DA:388,0
DA:389,0
DA:392,9
DA:393,9
DA:396,9
DA:397,9
DA:398,9
DA:401,9
DA:402,9
DA:405,9
DA:406,9
DA:407,9
DA:408,9
DA:409,9
DA:410,9
DA:411,9
DA:414,9
DA:416,9
DA:417,9
DA:418,0
DA:419,0
DA:420,0
DA:421,0
DA:423,0
DA:424,0
DA:425,9
DA:430,1
DA:431,11
DA:432,3
DA:433,3
DA:434,3
DA:436,3
DA:438,0
DA:439,3
DA:441,11
DA:442,3
DA:443,3
DA:445,11
DA:446,11
DA:447,11
DA:449,11
DA:450,11
DA:455,1
DA:456,1
DA:457,0
DA:458,0
DA:460,1
DA:461,1
DA:462,1
DA:463,1
DA:464,1
DA:465,1
DA:466,0
DA:467,0
DA:468,1
DA:473,1
DA:474,0
DA:475,0
DA:476,0
DA:477,0
DA:478,0
DA:479,0
DA:480,0
DA:481,0
DA:488,1
DA:489,1
DA:490,1
DA:491,1
DA:493,1
DA:494,1
DA:495,1
DA:496,1
DA:497,1
DA:499,1
DA:500,1
DA:501,1
DA:507,1
DA:508,1
DA:509,1
DA:510,1
DA:511,1
DA:512,1
DA:513,1
DA:515,1
DA:516,1
DA:517,1
DA:523,1
DA:524,7
DA:525,7
DA:526,7
DA:527,7
DA:528,7
DA:533,1
DA:534,7
DA:535,7
DA:541,1
DA:542,8
DA:543,8
DA:548,1
DA:549,5
DA:550,5
DA:556,1
DA:557,1
DA:558,1
DA:559,1
DA:564,1
DA:565,2
DA:566,2
DA:567,2
DA:568,2
DA:569,2
DA:570,1
DA:573,1
LF:308
LH:264
BRDA:56,0,0,6
BRDA:59,1,0,48
BRDA:72,2,0,48
BRDA:115,3,0,104
BRDA:116,4,0,48
BRDA:126,5,0,64
BRDA:134,6,0,7
BRDA:142,7,0,1
BRDA:157,8,0,22
BRDA:159,9,0,0
BRDA:164,10,0,19
BRDA:166,11,0,3
BRDA:183,12,0,22
BRDA:189,13,0,1
BRDA:192,14,0,18
BRDA:195,15,0,12
BRDA:196,16,0,10
BRDA:198,17,0,2
BRDA:207,18,0,0
BRDA:212,19,0,2
BRDA:218,20,0,0
BRDA:224,21,0,2
BRDA:228,22,0,19
BRDA:229,23,0,13
BRDA:230,24,0,6
BRDA:233,25,0,0
BRDA:252,26,0,19
BRDA:263,27,0,418950
BRDA:282,28,0,8
BRDA:291,29,0,0
BRDA:296,30,0,1
BRDA:317,31,0,2
BRDA:317,32,0,1
BRDA:330,33,0,1
BRDA:335,34,0,2
BRDA:335,35,0,1
BRDA:336,36,0,0
BRDA:324,37,0,8
BRDA:350,38,0,16
BRDA:351,39,0,6
BRDA:356,40,0,0
BRDA:362,41,0,6
BRDA:378,42,0,9
BRDA:387,43,0,0
BRDA:417,44,0,0
BRDA:430,45,0,11
BRDA:431,46,0,3
BRDA:436,47,0,0
BRDA:441,48,0,3
BRDA:455,49,0,1
BRDA:456,50,0,0
BRDA:465,51,0,0
BRDA:488,52,0,1
BRDA:507,53,0,1
BRDA:523,54,0,7
BRDA:533,55,0,7
BRDA:541,56,0,8
BRDA:548,57,0,5
BRDA:556,58,0,1
BRDA:564,59,0,2
BRF:60
BRH:48
end_of_record
TN:
SF:src\services\storageService.ts
FN:1,(empty-report)
FNF:1
FNH:1
FNDA:1,(empty-report)
DA:18,0
DA:19,0
DA:20,0
DA:21,0
DA:22,0
DA:23,0
DA:24,0
DA:25,0
DA:26,0
DA:39,0
DA:40,0
DA:41,0
DA:43,0
DA:44,0
DA:45,0
DA:47,0
DA:48,0
DA:49,0
DA:50,0
DA:51,0
DA:52,0
DA:53,0
DA:54,0
DA:56,0
DA:57,0
DA:58,0
DA:70,0
DA:71,0
DA:72,0
DA:73,0
DA:74,0
DA:75,0
DA:76,0
DA:77,0
DA:78,0
DA:79,0
DA:80,0
DA:82,0
DA:83,0
DA:84,0
DA:85,0
DA:86,0
DA:87,0
DA:89,0
DA:90,0
DA:91,0
DA:101,0
DA:102,0
DA:103,0
DA:111,0
DA:112,0
DA:113,0
DA:124,0
DA:125,0
DA:126,0
DA:136,0
DA:137,0
DA:138,0
DA:148,0
DA:149,0
DA:151,0
DA:152,0
DA:153,0
DA:154,0
DA:155,0
DA:156,0
DA:157,0
DA:158,0
DA:159,0
DA:161,0
DA:162,0
DA:174,0
DA:175,0
DA:176,0
DA:177,0
DA:178,0
DA:180,0
DA:181,0
DA:193,0
DA:194,0
DA:195,0
DA:196,0
DA:197,0
DA:198,0
DA:200,0
DA:201,0
DA:202,0
DA:204,0
DA:205,0
DA:206,0
DA:207,0
DA:209,0
DA:211,0
DA:213,0
DA:214,0
DA:215,0
DA:225,0
DA:226,0
DA:228,0
DA:229,0
DA:230,0
DA:231,0
DA:232,0
DA:233,0
DA:234,0
DA:235,0
DA:236,0
DA:237,0
DA:238,0
DA:239,0
DA:240,0
DA:242,0
DA:243,0
DA:254,0
DA:255,0
DA:256,0
DA:257,0
DA:259,0
DA:260,0
DA:261,0
DA:262,0
LF:121
LH:0
BRDA:1,0,0,1
BRF:1
BRH:1
end_of_record
TN:
SF:src\services\timerService.ts
FN:1,(empty-report)
FNF:1
FNH:1
FNDA:1,(empty-report)
DA:25,0
DA:26,0
DA:27,0
DA:28,0
DA:29,0
DA:42,0
DA:43,0
DA:44,0
DA:45,0
DA:58,0
DA:59,0
DA:60,0
DA:78,0
DA:79,0
DA:80,0
DA:81,0
DA:82,0
DA:84,0
DA:85,0
DA:86,0
DA:88,0
DA:89,0
DA:90,0
DA:92,0
DA:93,0
DA:106,0
DA:107,0
DA:108,0
DA:109,0
DA:110,0
DA:111,0
DA:123,0
DA:124,0
DA:125,0
DA:127,0
DA:128,0
DA:129,0
DA:131,0
DA:132,0
DA:133,0
DA:135,0
DA:136,0
DA:148,0
DA:149,0
DA:150,0
DA:151,0
DA:153,0
DA:155,0
DA:156,0
DA:157,0
DA:178,0
DA:179,0
DA:180,0
DA:181,0
DA:182,0
DA:183,0
DA:184,0
DA:186,0
DA:187,0
DA:200,0
DA:201,0
DA:203,0
DA:204,0
DA:205,0
DA:207,0
DA:208,0
DA:210,0
DA:211,0
DA:213,0
DA:214,0
LF:70
LH:0
BRDA:1,0,0,1
BRF:1
BRH:1
end_of_record
TN:
SF:src\services\windowService.ts
FN:1,(empty-report)
FNF:1
FNH:0
FNDA:0,(empty-report)
DA:1,0
DA:46,0
DA:47,0
DA:48,0
DA:49,0
DA:50,0
DA:60,0
DA:61,0
DA:62,0
DA:63,0
DA:64,0
DA:65,0
DA:66,0
DA:67,0
DA:77,0
DA:79,0
DA:80,0
DA:88,0
DA:89,0
DA:90,0
DA:98,0
DA:99,0
DA:100,0
DA:108,0
DA:109,0
DA:110,0
DA:120,0
DA:121,0
DA:122,0
DA:132,0
DA:133,0
DA:134,0
DA:144,0
DA:145,0
DA:146,0
DA:156,0
DA:157,0
DA:158,0
DA:168,0
DA:169,0
DA:171,0
DA:179,0
DA:180,0
DA:181,0
DA:191,0
DA:192,0
DA:193,0
DA:201,0
DA:202,0
DA:203,0
DA:211,0
DA:212,0
DA:213,0
DA:221,0
DA:222,0
DA:223,0
DA:233,0
DA:234,0
DA:235,0
LF:59
LH:0
BRDA:1,0,0,0
BRF:1
BRH:0
end_of_record
TN:
SF:src\stores\audioStore.ts
FN:89,useAudioStore.name
FN:103,setSoundPack
FN:112,setMasterVolume
FN:117,setAlertVolume
FN:122,setBackgroundMusicVolume
FN:128,setBackgroundMusicUrl
FN:132,setBackgroundMusicEnabled
FN:137,setAlertEnabled
FN:141,setDuckingEnabled
FN:146,addCustomSound
FN:155,removeCustomSound
FN:164,getCurrentSoundPack
FN:169,getAlertSoundUrl
FN:186,useCurrentSoundPack
FN:194,useAlertSoundUrl
FNF:15
FNH:6
FNDA:3,useAudioStore.name
FNDA:2,setSoundPack
FNDA:1,setMasterVolume
FNDA:0,setAlertVolume
FNDA:1,setBackgroundMusicVolume
FNDA:0,setBackgroundMusicUrl
FNDA:0,setBackgroundMusicEnabled
FNDA:6,setAlertEnabled
FNDA:1,setDuckingEnabled
FNDA:0,addCustomSound
FNDA:0,removeCustomSound
FNDA:0,getCurrentSoundPack
FNDA:0,getAlertSoundUrl
FNDA:0,useCurrentSoundPack
FNDA:0,useAlertSoundUrl
DA:1,1
DA:12,1
DA:13,1
DA:17,1
DA:18,1
DA:19,1
DA:20,1
DA:21,1
DA:22,1
DA:23,1
DA:24,1
DA:25,1
DA:26,1
DA:27,1
DA:28,1
DA:29,1
DA:30,1
DA:31,1
DA:32,1
DA:33,1
DA:34,1
DA:35,1
DA:36,1
DA:37,1
DA:38,1
DA:39,1
DA:40,1
DA:41,1
DA:42,1
DA:43,1
DA:44,1
DA:45,1
DA:87,1
DA:88,1
DA:89,1
DA:91,3
DA:92,3
DA:93,3
DA:94,3
DA:95,3
DA:96,3
DA:97,3
DA:98,3
DA:99,3
DA:100,3
DA:103,3
DA:104,2
DA:105,2
DA:106,2
DA:107,0
DA:108,0
DA:109,2
DA:112,3
DA:113,1
DA:114,1
DA:115,1
DA:117,3
DA:118,0
DA:119,0
DA:120,0
DA:122,3
DA:123,1
DA:124,1
DA:125,1
DA:128,3
DA:129,0
DA:130,0
DA:132,3
DA:133,0
DA:134,0
DA:137,3
DA:138,6
DA:139,6
DA:141,3
DA:142,1
DA:143,1
DA:146,3
DA:147,0
DA:148,0
DA:149,0
DA:150,0
DA:151,0
DA:152,0
DA:153,0
DA:155,3
DA:156,0
DA:157,0
DA:158,0
DA:159,0
DA:160,0
DA:161,0
DA:164,3
DA:165,0
DA:166,0
DA:167,0
DA:169,3
DA:170,0
DA:171,0
DA:172,0
DA:173,3
DA:174,1
DA:175,1
DA:176,1
DA:177,1
DA:178,1
DA:179,1
DA:186,1
DA:187,0
DA:188,0
DA:189,0
DA:194,1
DA:195,0
DA:196,0
LF:113
LH:80
BRDA:89,0,0,3
BRDA:103,1,0,2
BRDA:106,2,0,0
BRDA:112,3,0,1
BRDA:122,4,0,1
BRDA:137,5,0,6
BRDA:141,6,0,1
BRF:7
BRH:6
end_of_record
TN:
SF:src\stores\classStore.ts
FN:1,(empty-report)
FNF:1
FNH:1
FNDA:1,(empty-report)
DA:15,0
DA:16,0
DA:57,0
DA:58,0
DA:59,0
DA:60,0
DA:61,0
DA:62,0
DA:64,0
DA:65,0
DA:66,0
DA:67,0
DA:69,0
DA:70,0
DA:71,0
DA:72,0
DA:73,0
DA:74,0
DA:75,0
DA:76,0
DA:77,0
DA:78,0
DA:79,0
DA:80,0
DA:81,0
DA:82,0
DA:83,0
DA:84,0
DA:86,0
DA:87,0
DA:88,0
DA:89,0
DA:90,0
DA:91,0
DA:92,0
DA:93,0
DA:95,0
DA:96,0
DA:97,0
DA:99,0
DA:100,0
DA:101,0
DA:102,0
DA:103,0
DA:104,0
DA:105,0
DA:106,0
DA:107,0
DA:108,0
DA:109,0
DA:111,0
DA:112,0
DA:113,0
DA:114,0
DA:115,0
DA:116,0
DA:117,0
DA:118,0
DA:119,0
DA:120,0
DA:121,0
DA:123,0
DA:124,0
DA:125,0
DA:126,0
DA:127,0
DA:128,0
DA:129,0
DA:130,0
DA:131,0
DA:132,0
DA:133,0
DA:134,0
DA:135,0
DA:136,0
DA:138,0
DA:139,0
DA:140,0
DA:141,0
DA:142,0
DA:143,0
DA:144,0
DA:145,0
DA:146,0
DA:147,0
DA:148,0
DA:149,0
DA:150,0
DA:151,0
DA:153,0
DA:154,0
DA:155,0
DA:160,0
DA:161,0
DA:162,0
DA:163,0
DA:164,0
DA:165,0
DA:166,0
DA:167,0
DA:168,0
DA:170,0
DA:171,0
DA:172,0
DA:173,0
DA:176,0
DA:177,0
DA:178,0
DA:179,0
DA:181,0
DA:182,0
DA:183,0
DA:184,0
DA:185,0
DA:186,0
DA:187,0
DA:188,0
DA:189,0
DA:190,0
LF:119
LH:0
BRDA:1,0,0,1
BRF:1
BRH:1
end_of_record
TN:
SF:src\stores\groupsStore.ts
FN:1,(empty-report)
FNF:1
FNH:1
FNDA:1,(empty-report)
DA:14,0
DA:15,0
DA:53,0
DA:54,0
DA:55,0
DA:56,0
DA:57,0
DA:58,0
DA:59,0
DA:61,0
DA:62,0
DA:63,0
DA:64,0
DA:66,0
DA:67,0
DA:68,0
DA:69,0
DA:70,0
DA:71,0
DA:72,0
DA:73,0
DA:74,0
DA:75,0
DA:76,0
DA:77,0
DA:78,0
DA:79,0
DA:81,0
DA:82,0
DA:83,0
DA:84,0
DA:85,0
DA:86,0
DA:87,0
DA:89,0
DA:90,0
DA:91,0
DA:92,0
DA:93,0
DA:94,0
DA:95,0
DA:96,0
DA:97,0
DA:98,0
DA:100,0
DA:101,0
DA:102,0
DA:103,0
DA:104,0
DA:105,0
DA:106,0
DA:108,0
DA:109,0
DA:110,0
DA:112,0
DA:113,0
DA:114,0
DA:116,0
DA:117,0
DA:118,0
DA:120,0
DA:121,0
DA:122,0
DA:123,0
DA:124,0
DA:125,0
DA:126,0
DA:127,0
DA:128,0
DA:129,0
LF:70
LH:0
BRDA:1,0,0,1
BRF:1
BRH:1
end_of_record
TN:
SF:src\stores\noiseStore.ts
FN:76,getNoiseLevelCategory
FN:84,useNoiseStore.name
FN:87,setCurrentLevel
FN:102,setThresholds
FN:128,setEnableAlerts
FN:132,setAlertVolume
FN:136,setMicrophonePermission
FN:140,setIsMonitoring
FN:144,setIsCalibrated
FN:148,addHistoryPoint
FN:159,clearHistory
FN:163,resetState
FNF:12
FNH:8
FNDA:1,getNoiseLevelCategory
FNDA:3,useNoiseStore.name
FNDA:0,setCurrentLevel
FNDA:1,setThresholds
FNDA:0,setEnableAlerts
FNDA:0,setAlertVolume
FNDA:14,setMicrophonePermission
FNDA:2,setIsMonitoring
FNDA:0,setIsCalibrated
FNDA:3,addHistoryPoint
FNDA:1,clearHistory
FNDA:28,resetState
DA:16,1
DA:17,1
DA:58,1
DA:59,1
DA:60,1
DA:61,1
DA:62,1
DA:63,1
DA:64,1
DA:65,1
DA:66,1
DA:67,1
DA:68,1
DA:69,1
DA:70,1
DA:71,1
DA:76,1
DA:77,1
DA:78,0
DA:79,0
DA:80,0
DA:82,1
DA:83,1
DA:84,1
DA:85,3
DA:87,3
DA:88,0
DA:89,0
DA:90,0
DA:91,0
DA:92,0
DA:93,0
DA:94,0
DA:96,0
DA:97,0
DA:98,0
DA:99,0
DA:100,0
DA:102,3
DA:103,1
DA:104,1
DA:105,1
DA:108,1
DA:109,1
DA:110,1
DA:111,1
DA:113,1
DA:114,1
DA:115,1
DA:116,1
DA:117,1
DA:118,1
DA:120,1
DA:121,1
DA:122,1
DA:123,1
DA:124,1
DA:125,1
DA:126,1
DA:128,3
DA:129,0
DA:130,0
DA:132,3
DA:133,0
DA:134,0
DA:136,3
DA:137,14
DA:138,14
DA:140,3
DA:141,2
DA:142,2
DA:144,3
DA:145,0
DA:146,0
DA:148,3
DA:149,3
DA:150,3
DA:152,3
DA:153,0
DA:154,0
DA:155,3
DA:156,3
DA:157,3
DA:159,3
DA:160,1
DA:161,1
DA:163,3
DA:164,28
DA:165,28
DA:166,3
DA:167,1
DA:168,1
DA:169,1
DA:170,1
DA:171,1
DA:172,1
LF:96
LH:73
BRDA:76,0,0,1
BRDA:77,1,0,0
BRDA:84,2,0,3
BRDA:102,3,0,1
BRDA:109,4,0,0
BRDA:110,5,0,0
BRDA:111,6,0,0
BRDA:108,7,0,2
BRDA:136,8,0,14
BRDA:140,9,0,2
BRDA:148,10,0,3
BRDA:149,11,0,3
BRDA:152,12,0,0
BRDA:159,13,0,1
BRDA:163,14,0,28
BRF:15
BRH:10
end_of_record
TN:
SF:src\stores\pointsStore.ts
FN:1,(empty-report)
FNF:1
FNH:1
FNDA:1,(empty-report)
DA:13,0
DA:14,0
DA:41,0
DA:42,0
DA:43,0
DA:44,0
DA:45,0
DA:47,0
DA:48,0
DA:49,0
DA:50,0
DA:52,0
DA:53,0
DA:54,0
DA:55,0
DA:56,0
DA:57,0
DA:58,0
DA:59,0
DA:60,0
DA:61,0
DA:62,0
DA:63,0
DA:64,0
DA:65,0
DA:66,0
DA:67,0
DA:68,0
DA:69,0
DA:71,0
DA:72,0
DA:73,0
DA:74,0
DA:75,0
DA:76,0
DA:77,0
DA:78,0
DA:79,0
DA:80,0
DA:81,0
DA:83,0
DA:84,0
DA:85,0
DA:86,0
DA:87,0
DA:88,0
DA:89,0
DA:90,0
DA:91,0
DA:92,0
DA:93,0
DA:95,0
DA:96,0
DA:97,0
DA:98,0
DA:100,0
DA:101,0
DA:102,0
DA:103,0
DA:104,0
DA:105,0
DA:106,0
DA:107,0
DA:108,0
DA:109,0
DA:110,0
DA:111,0
DA:112,0
DA:114,0
DA:115,0
DA:116,0
DA:118,0
DA:119,0
DA:120,0
DA:121,0
DA:122,0
DA:123,0
DA:124,0
DA:125,0
DA:126,0
DA:127,0
LF:81
LH:0
BRDA:1,0,0,1
BRF:1
BRH:1
end_of_record
TN:
SF:src\stores\semaphoreStore.ts
FN:49,useSemaphoreStore.name
FN:52,setColor
FN:56,setMode
FN:60,setAutoThresholds
FN:69,updateColorFromNoise
FN:86,resetState
FNF:6
FNH:6
FNDA:2,useSemaphoreStore.name
FNDA:6,setColor
FNDA:11,setMode
FNDA:2,setAutoThresholds
FNDA:14,updateColorFromNoise
FNDA:23,resetState
DA:13,1
DA:14,1
DA:38,1
DA:39,1
DA:40,1
DA:41,1
DA:42,1
DA:43,1
DA:44,1
DA:45,1
DA:47,1
DA:48,1
DA:49,1
DA:50,2
DA:52,2
DA:53,6
DA:54,6
DA:56,2
DA:57,11
DA:58,11
DA:60,2
DA:61,2
DA:62,2
DA:63,2
DA:64,2
DA:65,2
DA:66,2
DA:67,2
DA:69,2
DA:70,14
DA:71,14
DA:72,0
DA:73,0
DA:75,14
DA:76,14
DA:77,1
DA:78,14
DA:79,2
DA:80,2
DA:82,14
DA:83,14
DA:84,14
DA:86,2
DA:87,23
DA:88,23
DA:89,2
DA:90,1
DA:91,1
DA:92,1
DA:93,1
DA:94,1
DA:95,1
LF:52
LH:50
BRDA:49,0,0,2
BRDA:52,1,0,6
BRDA:56,2,0,11
BRDA:60,3,0,2
BRDA:69,4,0,14
BRDA:70,5,0,14
BRDA:71,6,0,0
BRDA:76,7,0,1
BRDA:78,8,0,13
BRDA:78,9,0,2
BRDA:86,10,0,23
BRF:11
BRH:10
end_of_record
TN:
SF:src\stores\themeStore.ts
FN:21,useThemeStore.name
FN:24,setTheme
FN:37,getTheme
FN:57,applyThemeVariables
FN:82,useInitializeTheme
FNF:5
FNH:1
FNDA:1,useThemeStore.name
FNDA:0,setTheme
FNDA:0,getTheme
FNDA:0,applyThemeVariables
FNDA:0,useInitializeTheme
DA:1,1
DA:7,1
DA:8,1
DA:9,1
DA:11,1
DA:19,1
DA:20,1
DA:21,1
DA:22,1
DA:24,1
DA:25,0
DA:27,0
DA:28,0
DA:29,0
DA:30,0
DA:31,0
DA:32,0
DA:33,0
DA:34,0
DA:35,0
DA:37,1
DA:38,0
DA:39,0
DA:40,0
DA:41,0
DA:42,0
DA:43,0
DA:44,0
DA:45,0
DA:46,1
DA:47,1
DA:48,1
DA:49,1
DA:50,1
DA:51,1
DA:52,1
DA:57,0
DA:58,0
DA:59,0
DA:61,0
DA:62,0
DA:63,0
DA:65,0
DA:66,0
DA:67,0
DA:69,0
DA:70,0
DA:71,0
DA:73,0
DA:74,0
DA:75,0
DA:76,0
DA:77,0
DA:82,1
DA:83,0
DA:86,0
DA:87,0
DA:88,0
DA:89,0
LF:59
LH:19
BRDA:21,0,0,1
BRF:1
BRH:1
end_of_record
TN:
SF:src\stores\timerStore.ts
FN:13,debugLog
FN:41,useTimerStore.name
FN:54,setDuration
FN:90,start
FN:108,pause
FN:122,resume
FN:136,stop
FN:151,reset
FN:167,tick
FN:207,updateConfig
FN:218,triggerWarning
FN:229,partialize
FNF:12
FNH:11
FNDA:174,debugLog
FNDA:4,useTimerStore.name
FNDA:50,setDuration
FNDA:33,start
FNDA:4,pause
FNDA:2,resume
FNDA:3,stop
FNDA:64,reset
FNDA:1348,tick
FNDA:10,updateConfig
FNDA:0,triggerWarning
FNDA:1506,partialize
DA:1,1
DA:7,1
DA:8,1
DA:12,1
DA:13,1
DA:14,174
DA:15,174
DA:33,1
DA:34,1
DA:35,1
DA:36,1
DA:37,1
DA:39,1
DA:40,1
DA:41,1
DA:43,4
DA:44,4
DA:45,4
DA:46,4
DA:47,4
DA:48,4
DA:54,4
DA:55,50
DA:56,3
DA:57,3
DA:58,3
DA:59,3
DA:61,47
DA:62,47
DA:65,50
DA:66,32
DA:67,32
DA:68,50
DA:69,7
DA:70,7
DA:72,47
DA:73,47
DA:74,47
DA:75,47
DA:76,47
DA:77,47
DA:78,47
DA:79,47
DA:80,47
DA:81,47
DA:82,47
DA:84,47
DA:85,50
DA:90,4
DA:91,33
DA:93,33
DA:94,1
DA:95,1
DA:97,33
DA:98,0
DA:99,0
DA:101,32
DA:102,32
DA:103,33
DA:108,4
DA:109,4
DA:111,4
DA:112,0
DA:113,0
DA:115,4
DA:116,4
DA:117,4
DA:122,4
DA:123,2
DA:125,2
DA:126,0
DA:127,0
DA:129,2
DA:130,2
DA:131,2
DA:136,4
DA:137,3
DA:139,3
DA:140,3
DA:141,3
DA:142,3
DA:143,3
DA:145,3
DA:146,3
DA:151,4
DA:152,64
DA:153,64
DA:154,64
DA:155,64
DA:156,64
DA:157,64
DA:158,64
DA:160,64
DA:161,64
DA:167,4
DA:168,1348
DA:170,1348
DA:171,4
DA:172,4
DA:174,1344
DA:177,1348
DA:178,7
DA:179,7
DA:180,7
DA:181,7
DA:182,7
DA:183,7
DA:184,7
DA:187,1337
DA:188,1346
DA:189,2350
DA:190,5
DA:191,5
DA:195,5
DA:196,2350
DA:198,1337
DA:199,1337
DA:200,1337
DA:201,1337
DA:202,1348
DA:207,4
DA:208,10
DA:209,10
DA:211,10
DA:212,10
DA:213,10
DA:218,4
DA:219,0
DA:220,0
DA:221,0
DA:222,0
DA:223,0
DA:224,4
DA:225,1
DA:226,1
DA:227,1
DA:229,1
DA:230,1506
DA:231,1506
DA:232,1
DA:233,1
DA:234,1
LF:142
LH:131
BRDA:13,0,0,174
BRDA:41,1,0,4
BRDA:54,2,0,50
BRDA:55,3,0,3
BRDA:59,4,0,47
BRDA:65,5,0,32
BRDA:67,6,0,47
BRDA:68,7,0,35
BRDA:68,8,0,7
BRDA:70,9,0,47
BRDA:90,10,0,33
BRDA:93,11,0,1
BRDA:95,12,0,32
BRDA:97,13,0,0
BRDA:99,14,0,32
BRDA:108,15,0,4
BRDA:111,16,0,0
BRDA:122,17,0,2
BRDA:125,18,0,0
BRDA:136,19,0,3
BRDA:151,20,0,64
BRDA:167,21,0,1348
BRDA:170,22,0,4
BRDA:172,23,0,1344
BRDA:177,24,0,7
BRDA:184,25,0,1346
BRDA:184,26,0,1337
BRDA:188,27,0,2350
BRDA:189,28,0,5
BRDA:189,29,0,5
BRDA:196,30,0,1337
BRDA:207,31,0,10
BRDA:229,32,0,1506
BRF:33
BRH:30
end_of_record
TN:
SF:src\stores\windowModeStore.ts
FN:19,useWindowModeStore.name
FN:22,setMode
FNF:2
FNH:2
FNDA:1,useWindowModeStore.name
FNDA:1,setMode
DA:1,1
DA:7,1
DA:8,1
DA:10,1
DA:17,1
DA:18,1
DA:19,1
DA:20,1
DA:22,1
DA:23,1
DA:25,1
DA:26,1
DA:28,1
DA:29,1
DA:30,0
DA:31,0
DA:32,0
DA:33,0
DA:36,0
DA:37,0
DA:38,0
DA:39,0
DA:40,0
DA:41,0
DA:42,0
DA:43,0
DA:44,0
DA:46,1
DA:47,1
DA:48,1
DA:51,1
DA:52,1
DA:53,1
DA:54,1
DA:55,0
DA:56,0
DA:58,1
DA:59,1
DA:60,1
DA:62,1
DA:63,0
DA:64,0
DA:65,0
DA:66,0
DA:67,0
DA:68,1
DA:70,1
DA:71,1
DA:72,1
DA:73,0
DA:74,0
DA:75,1
DA:76,1
DA:77,1
DA:78,1
DA:79,1
DA:80,1
DA:81,1
DA:82,1
LF:59
LH:37
BRDA:19,0,0,1
BRDA:22,1,0,1
BRDA:29,2,0,0
BRDA:54,3,0,0
BRDA:62,4,0,0
BRDA:72,5,0,0
BRF:6
BRH:2
end_of_record
TN:
SF:src\styles\themes.ts
FN:142,getTheme
FN:146,getAllThemes
FN:150,getCalmThemes
FN:154,getEnergyThemes
FNF:4
FNH:3
FNDA:18,getTheme
FNDA:0,getAllThemes
FNDA:1,getCalmThemes
FNDA:1,getEnergyThemes
DA:8,1
DA:11,1
DA:12,1
DA:13,1
DA:14,1
DA:15,1
DA:16,1
DA:17,1
DA:18,1
DA:19,1
DA:20,1
DA:21,1
DA:22,1
DA:23,1
DA:24,1
DA:25,1
DA:26,1
DA:27,1
DA:28,1
DA:29,1
DA:30,1
DA:32,1
DA:33,1
DA:34,1
DA:35,1
DA:36,1
DA:37,1
DA:38,1
DA:39,1
DA:40,1
DA:41,1
DA:42,1
DA:43,1
DA:44,1
DA:45,1
DA:46,1
DA:47,1
DA:48,1
DA:49,1
DA:50,1
DA:51,1
DA:53,1
DA:54,1
DA:55,1
DA:56,1
DA:57,1
DA:58,1
DA:59,1
DA:60,1
DA:61,1
DA:62,1
DA:63,1
DA:64,1
DA:65,1
DA:66,1
DA:67,1
DA:68,1
DA:69,1
DA:70,1
DA:71,1
DA:72,1
DA:76,1
DA:77,1
DA:78,1
DA:79,1
DA:80,1
DA:81,1
DA:82,1
DA:83,1
DA:84,1
DA:85,1
DA:86,1
DA:87,1
DA:88,1
DA:89,1
DA:90,1
DA:91,1
DA:92,1
DA:93,1
DA:94,1
DA:95,1
DA:97,1
DA:98,1
DA:99,1
DA:100,1
DA:101,1
DA:102,1
DA:103,1
DA:104,1
DA:105,1
DA:106,1
DA:107,1
DA:108,1
DA:109,1
DA:110,1
DA:111,1
DA:112,1
DA:113,1
DA:114,1
DA:115,1
DA:116,1
DA:118,1
DA:119,1
DA:120,1
DA:121,1
DA:122,1
DA:123,1
DA:124,1
DA:125,1
DA:126,1
DA:127,1
DA:128,1
DA:129,1
DA:130,1
DA:131,1
DA:132,1
DA:133,1
DA:134,1
DA:135,1
DA:136,1
DA:137,1
DA:138,1
DA:140,1
DA:142,1
DA:143,18
DA:144,18
DA:146,1
DA:147,0
DA:148,0
DA:150,1
DA:151,1
DA:152,1
DA:154,1
DA:155,1
DA:156,1
LF:135
LH:133
BRDA:142,0,0,18
BRDA:150,1,0,1
BRDA:151,2,0,6
BRDA:154,3,0,1
BRDA:155,4,0,6
BRF:5
BRH:5
end_of_record
TN:
SF:src\types\audio.types.ts
FN:90,AudioError
FNF:1
FNH:1
FNDA:19,AudioError
DA:13,1
DA:14,1
DA:15,1
DA:16,1
DA:89,1
DA:90,1
DA:91,19
DA:92,19
DA:93,19
DA:94,19
DA:95,19
DA:96,19
DA:97,1
LF:13
LH:13
BRDA:13,0,0,6
BRDA:90,1,0,19
BRF:2
BRH:2
end_of_record
TN:
SF:src\types\errors.ts
FN:65,AppError
FN:78,toJSON
FN:97,getUserMessage
FN:143,isAppError
FN:153,ensureAppError
FN:186,log
FN:208,report
FNF:7
FNH:7
FNDA:20,AppError
FNDA:6,toJSON
FNDA:2,getUserMessage
FNDA:19,isAppError
FNDA:7,ensureAppError
FNDA:4,log
FNDA:1,report
DA:1,1
DA:17,1
DA:19,1
DA:20,1
DA:21,1
DA:22,1
DA:23,1
DA:26,1
DA:27,1
DA:28,1
DA:29,1
DA:30,1
DA:33,1
DA:34,1
DA:35,1
DA:38,1
DA:39,1
DA:40,1
DA:41,1
DA:42,1
DA:45,1
DA:46,1
DA:47,1
DA:50,1
DA:51,1
DA:52,1
DA:53,1
DA:64,1
DA:65,1
DA:66,20
DA:67,20
DA:68,20
DA:69,20
DA:70,20
DA:71,20
DA:72,20
DA:73,20
DA:78,1
DA:79,6
DA:80,6
DA:81,6
DA:82,6
DA:83,6
DA:84,2
DA:85,2
DA:86,2
DA:87,2
DA:88,2
DA:89,4
DA:90,6
DA:91,6
DA:97,1
DA:98,2
DA:100,2
DA:101,2
DA:102,2
DA:103,2
DA:104,2
DA:107,2
DA:108,2
DA:109,2
DA:110,2
DA:111,2
DA:114,2
DA:115,2
DA:116,2
DA:119,2
DA:120,2
DA:121,2
DA:122,2
DA:123,2
DA:126,2
DA:127,2
DA:128,2
DA:131,2
DA:132,2
DA:133,2
DA:134,2
DA:136,2
DA:137,2
DA:138,1
DA:143,1
DA:144,19
DA:145,19
DA:153,1
DA:154,7
DA:155,7
DA:156,7
DA:157,7
DA:158,1
DA:159,1
DA:161,7
DA:162,2
DA:163,2
DA:164,2
DA:165,2
DA:166,2
DA:167,2
DA:168,2
DA:170,4
DA:171,4
DA:172,4
DA:173,4
DA:174,4
DA:175,4
DA:176,4
DA:182,1
DA:186,1
DA:187,4
DA:188,4
DA:189,4
DA:190,4
DA:191,4
DA:194,4
DA:195,0
DA:196,0
DA:201,4
DA:202,4
DA:208,1
DA:209,1
DA:210,1
DA:211,1
DA:212,1
DA:213,1
DA:218,1
DA:219,1
DA:220,1
LF:127
LH:125
BRDA:65,0,0,20
BRDA:78,1,0,6
BRDA:83,2,0,2
BRDA:88,3,0,4
BRDA:97,4,0,2
BRDA:136,5,0,1
BRDA:143,6,0,19
BRDA:153,7,0,7
BRDA:157,8,0,1
BRDA:159,9,0,6
BRDA:161,10,0,2
BRDA:168,11,0,4
BRDA:186,12,0,4
BRDA:194,13,0,0
BRDA:208,14,0,1
BRDA:212,15,0,0
BRF:16
BRH:14
end_of_record
TN:
SF:src\types\layout.types.ts
FNF:0
FNH:0
DA:14,1
DA:15,1
DA:16,1
DA:17,1
DA:18,1
DA:19,1
DA:20,1
DA:21,1
DA:22,1
LF:9
LH:9
BRF:0
BRH:0
end_of_record
TN:
SF:src\types\theme.types.ts
FN:1,(empty-report)
FNF:1
FNH:1
FNDA:1,(empty-report)
LF:0
LH:0
BRDA:1,0,0,1
BRF:1
BRH:1
end_of_record
TN:
SF:src\types\timer.types.ts
FN:1,(empty-report)
FNF:1
FNH:1
FNDA:1,(empty-report)
LF:0
LH:0
BRDA:1,0,0,1
BRF:1
BRH:1
end_of_record
TN:
SF:src\types\window.types.ts
FN:1,(empty-report)
FNF:1
FNH:1
FNDA:1,(empty-report)
LF:0
LH:0
BRDA:1,0,0,1
BRF:1
BRH:1
end_of_record
TN:
SF:src\utils\debug.ts
FN:20,log
FN:29,warn
FN:39,error
FN:46,isEnabled
FNF:4
FNH:3
FNDA:571,log
FNDA:4,warn
FNDA:23,error
FNDA:0,isEnabled
DA:14,1
DA:16,1
DA:20,1
DA:21,571
DA:22,571
DA:23,571
DA:24,571
DA:29,1
DA:30,4
DA:31,4
DA:32,4
DA:33,4
DA:39,1
DA:40,23
DA:41,23
DA:46,1
DA:47,1
DA:53,1
LF:18
LH:18
BRDA:14,0,0,0
BRDA:20,1,0,571
BRDA:29,2,0,4
BRDA:39,3,0,23
BRF:4
BRH:3
end_of_record
TN:
SF:src\utils\windowPositioning.ts
FN:1,(empty-report)
FNF:1
FNH:0
FNDA:0,(empty-report)
DA:1,0
DA:23,0
DA:24,0
DA:25,0
DA:30,0
DA:31,0
DA:32,0
DA:33,0
DA:34,0
DA:35,0
DA:37,0
DA:38,0
DA:41,0
DA:42,0
DA:43,0
DA:44,0
DA:45,0
DA:47,0
DA:49,0
DA:50,0
DA:53,0
DA:54,0
DA:56,0
DA:57,0
DA:58,0
DA:61,0
DA:62,0
DA:63,0
DA:64,0
DA:65,0
DA:66,0
DA:67,0
DA:68,0
DA:69,0
DA:70,0
DA:71,0
DA:72,0
DA:74,0
DA:75,0
DA:80,0
DA:81,0
DA:82,0
DA:83,0
DA:84,0
DA:85,0
DA:86,0
DA:87,0
DA:88,0
DA:89,0
DA:90,0
DA:91,0
DA:96,0
DA:97,0
DA:98,0
DA:99,0
DA:100,0
DA:101,0
DA:102,0
DA:103,0
DA:104,0
DA:109,0
DA:110,0
DA:111,0
DA:112,0
DA:113,0
DA:115,0
DA:116,0
DA:117,0
DA:120,0
DA:121,0
DA:126,0
DA:127,0
DA:128,0
DA:129,0
DA:130,0
DA:131,0
DA:132,0
DA:133,0
DA:134,0
DA:139,0
DA:140,0
DA:141,0
DA:142,0
DA:143,0
DA:144,0
DA:145,0
DA:150,0
DA:151,0
DA:152,0
DA:153,0
DA:154,0
DA:155,0
DA:156,0
DA:157,0
DA:158,0
DA:163,0
DA:164,0
DA:165,0
DA:166,0
DA:169,0
DA:170,0
LF:101
LH:0
BRDA:1,0,0,0
BRF:1
BRH:0
end_of_record
TN:
SF:tests\e2e\helpers.ts
FN:1,(empty-report)
FNF:1
FNH:1
FNDA:1,(empty-report)
DA:16,0
DA:27,0
DA:29,0
DA:30,0
DA:31,0
DA:32,0
DA:37,0
DA:38,0
DA:39,0
DA:40,0
DA:51,0
DA:52,0
DA:54,0
DA:56,0
DA:57,0
DA:59,0
DA:60,0
DA:61,0
DA:62,0
DA:65,0
DA:66,0
DA:67,0
DA:72,0
DA:73,0
DA:74,0
DA:75,0
DA:76,0
DA:77,0
DA:82,0
DA:83,0
DA:84,0
DA:85,0
DA:86,0
DA:87,0
DA:92,0
DA:93,0
DA:94,0
DA:95,0
DA:96,0
DA:97,0
DA:102,0
DA:103,0
DA:104,0
DA:105,0
DA:112,0
DA:113,0
DA:114,0
DA:115,0
DA:116,0
DA:117,0
DA:118,0
DA:119,0
DA:120,0
DA:122,0
DA:123,0
DA:124,0
DA:125,0
DA:126,0
DA:137,0
DA:138,0
DA:139,0
DA:140,0
DA:146,0
DA:147,0
DA:148,0
DA:149,0
DA:150,0
DA:151,0
DA:156,0
DA:157,0
DA:159,0
DA:160,0
DA:170,0
DA:171,0
DA:172,0
DA:174,0
DA:175,0
DA:176,0
DA:177,0
DA:182,0
DA:183,0
DA:184,0
DA:185,0
DA:190,0
DA:191,0
DA:192,0
DA:193,0
DA:194,0
DA:195,0
DA:196,0
DA:197,0
DA:198,0
DA:199,0
DA:200,0
DA:201,0
DA:202,0
DA:203,0
DA:204,0
DA:214,0
DA:215,0
DA:216,0
DA:217,0
DA:218,0
DA:219,0
DA:220,0
DA:226,0
DA:227,0
DA:228,0
DA:230,0
DA:231,0
DA:237,0
DA:238,0
DA:239,0
DA:240,0
DA:241,0
DA:242,0
DA:247,0
DA:248,0
DA:249,0
DA:250,0
DA:251,0
DA:252,0
DA:257,0
DA:258,0
DA:260,0
DA:261,0
DA:271,0
DA:272,0
DA:273,0
DA:274,0
DA:279,0
DA:280,0
DA:281,0
DA:286,0
DA:289,0
DA:299,0
DA:300,0
DA:301,0
DA:302,0
DA:303,0
DA:304,0
DA:306,0
DA:307,0
DA:308,0
DA:309,0
DA:310,0
DA:319,0
DA:320,0
DA:321,0
DA:326,0
DA:327,0
DA:328,0
DA:329,0
DA:330,0
DA:331,0
DA:336,0
DA:337,0
DA:338,0
DA:339,0
DA:340,0
DA:341,0
DA:342,0
DA:343,0
DA:348,0
DA:349,0
DA:350,0
DA:351,0
DA:352,0
DA:353,0
DA:354,0
DA:355,0
DA:356,0
DA:361,0
DA:362,0
DA:363,0
DA:364,0
DA:365,0
DA:366,0
DA:367,0
DA:372,0
DA:373,0
DA:374,0
DA:383,0
DA:384,0
DA:385,0
DA:386,0
DA:388,0
DA:389,0
DA:394,0
DA:395,0
DA:396,0
DA:397,0
DA:398,0
DA:399,0
DA:404,0
DA:405,0
DA:406,0
DA:407,0
DA:408,0
DA:409,0
LF:200
LH:0
BRDA:1,0,0,1
BRF:1
BRH:1
end_of_record
TN:
SF:tests\e2e\pages.ts
FN:1,(empty-report)
FNF:1
FNH:1
FNDA:1,(empty-report)
DA:19,0
DA:24,0
DA:25,0
DA:30,0
DA:31,0
DA:32,0
DA:33,0
DA:38,0
DA:40,0
DA:41,0
DA:42,0
DA:43,0
DA:49,0
DA:50,0
DA:51,0
DA:52,0
DA:53,0
DA:54,0
DA:55,0
DA:56,0
DA:57,0
DA:58,0
DA:63,0
DA:64,0
DA:65,0
DA:66,0
DA:71,0
DA:72,0
DA:73,0
DA:78,0
DA:79,0
DA:80,0
DA:85,0
DA:86,0
DA:87,0
DA:88,0
DA:89,0
DA:90,0
DA:91,0
DA:92,0
DA:93,0
DA:98,0
DA:99,0
DA:100,0
DA:101,0
DA:106,0
DA:107,0
DA:108,0
DA:109,0
DA:110,0
DA:111,0
DA:112,0
DA:117,0
DA:118,0
DA:119,0
DA:120,0
DA:121,0
DA:126,0
DA:127,0
DA:128,0
DA:129,0
DA:130,0
DA:131,0
DA:136,0
DA:137,0
DA:138,0
DA:139,0
DA:140,0
DA:141,0
DA:146,0
DA:147,0
DA:148,0
DA:149,0
DA:150,0
DA:151,0
DA:156,0
DA:157,0
DA:158,0
DA:159,0
DA:164,0
DA:165,0
DA:166,0
DA:167,0
DA:172,0
DA:173,0
DA:174,0
DA:175,0
DA:176,0
DA:181,0
DA:182,0
DA:183,0
DA:184,0
DA:185,0
DA:190,0
DA:191,0
DA:192,0
DA:193,0
DA:198,0
DA:199,0
DA:200,0
DA:201,0
DA:202,0
DA:203,0
DA:204,0
DA:205,0
DA:206,0
DA:207,0
DA:212,0
DA:213,0
DA:214,0
DA:215,0
DA:216,0
DA:217,0
DA:218,0
DA:223,0
DA:224,0
DA:225,0
DA:226,0
DA:231,0
DA:232,0
DA:233,0
DA:234,0
DA:239,0
DA:240,0
DA:241,0
DA:242,0
DA:243,0
DA:248,0
DA:249,0
DA:250,0
DA:251,0
DA:252,0
DA:253,0
DA:258,0
DA:259,0
DA:260,0
DA:261,0
DA:266,0
DA:267,0
DA:268,0
DA:273,0
DA:274,0
DA:275,0
DA:276,0
DA:277,0
DA:278,0
DA:283,0
DA:284,0
DA:285,0
DA:286,0
DA:291,0
DA:292,0
DA:293,0
DA:294,0
DA:295,0
DA:296,0
DA:301,0
DA:302,0
DA:303,0
DA:304,0
DA:305,0
DA:310,0
DA:311,0
DA:312,0
DA:313,0
DA:318,0
DA:319,0
DA:320,0
DA:321,0
DA:322,0
DA:323,0
DA:324,0
DA:325,0
DA:330,0
DA:331,0
DA:332,0
DA:333,0
DA:334,0
DA:335,0
DA:336,0
DA:337,0
DA:338,0
DA:339,0
DA:345,0
DA:346,0
DA:347,0
DA:348,0
DA:349,0
DA:354,0
DA:355,0
DA:356,0
DA:357,0
DA:362,0
DA:363,0
DA:364,0
DA:365,0
DA:366,0
DA:367,0
DA:368,0
DA:369,0
DA:374,0
DA:375,0
DA:376,0
DA:377,0
DA:378,0
DA:379,0
DA:380,0
DA:381,0
DA:386,0
DA:387,0
DA:388,0
DA:389,0
DA:390,0
DA:395,0
DA:396,0
DA:397,0
DA:402,0
DA:403,0
DA:404,0
DA:405,0
DA:406,0
DA:407,0
DA:412,0
DA:413,0
DA:414,0
DA:415,0
DA:420,0
DA:421,0
DA:422,0
DA:427,0
DA:428,0
DA:429,0
DA:430,0
DA:435,0
DA:436,0
DA:437,0
DA:438,0
DA:439,0
DA:444,0
DA:445,0
DA:446,0
DA:447,0
DA:448,0
DA:453,0
DA:454,0
DA:455,0
DA:456,0
DA:457,0
DA:458,0
DA:463,0
DA:464,0
DA:465,0
DA:466,0
DA:471,0
DA:472,0
DA:473,0
DA:474,0
DA:479,0
DA:480,0
DA:481,0
DA:482,0
DA:487,0
DA:488,0
DA:489,0
DA:490,0
DA:491,0
DA:496,0
DA:497,0
DA:498,0
DA:499,0
DA:500,0
DA:501,0
DA:506,0
DA:507,0
DA:508,0
DA:509,0
DA:510,0
DA:511,0
DA:516,0
DA:517,0
DA:518,0
DA:519,0
DA:524,0
DA:525,0
DA:526,0
DA:527,0
DA:528,0
DA:529,0
LF:288
LH:0
BRDA:1,0,0,1
BRF:1
BRH:1
end_of_record
